<?xml version="1.0" encoding="UTF-8"?>
<coverage generated="1719496116092" clover="3.2.0">
  <project timestamp="1719496116092" name="All files">
    <metrics statements="178" coveredstatements="176" conditionals="112" coveredconditionals="96" methods="21" coveredmethods="21" elements="311" coveredelements="293" complexity="0" loc="178" ncloc="178" packages="8" files="60" classes="60"/>
    <package name="lib">
      <metrics statements="66" coveredstatements="65" conditionals="56" coveredconditionals="48" methods="12" coveredmethods="12"/>
      <file name="get-lang-name-with-country.js" path="/Users/mariannamilovanova/Shelf.io/language-name-to-language-name/lib/get-lang-name-with-country.js">
        <metrics statements="20" coveredstatements="20" conditionals="24" coveredconditionals="22" methods="2" coveredmethods="2"/>
        <line num="2" count="1" type="cond" truecount="2" falsecount="1"/>
        <line num="3" count="2" type="cond" truecount="3" falsecount="1"/>
        <line num="5" count="1" type="stmt"/>
        <line num="6" count="1" type="stmt"/>
        <line num="7" count="1" type="stmt"/>
        <line num="8" count="1" type="stmt"/>
        <line num="9" count="1" type="stmt"/>
        <line num="10" count="1" type="stmt"/>
        <line num="17" count="1" type="cond" truecount="2" falsecount="0"/>
        <line num="18" count="8" type="stmt"/>
        <line num="19" count="8" type="stmt"/>
        <line num="20" count="8" type="stmt"/>
        <line num="21" count="8" type="stmt"/>
        <line num="22" count="8" type="cond" truecount="4" falsecount="0"/>
        <line num="23" count="8" type="cond" truecount="2" falsecount="0"/>
        <line num="24" count="7" type="stmt"/>
        <line num="25" count="7" type="stmt"/>
        <line num="26" count="7" type="stmt"/>
        <line num="34" count="1" type="stmt"/>
        <line num="40" count="1" type="stmt"/>
      </file>
      <file name="get-lang-name.js" path="/Users/mariannamilovanova/Shelf.io/language-name-to-language-name/lib/get-lang-name.js">
        <metrics statements="20" coveredstatements="19" conditionals="22" coveredconditionals="19" methods="2" coveredmethods="2"/>
        <line num="2" count="1" type="cond" truecount="2" falsecount="1"/>
        <line num="3" count="1" type="cond" truecount="3" falsecount="1"/>
        <line num="5" count="1" type="stmt"/>
        <line num="6" count="1" type="stmt"/>
        <line num="7" count="1" type="stmt"/>
        <line num="11" count="15" type="cond" truecount="2" falsecount="0"/>
        <line num="12" count="13" type="stmt"/>
        <line num="13" count="13" type="stmt"/>
        <line num="15" count="15" type="cond" truecount="2" falsecount="0"/>
        <line num="16" count="2" type="stmt"/>
        <line num="17" count="2" type="cond" truecount="2" falsecount="0"/>
        <line num="19" count="15" type="stmt"/>
        <line num="20" count="15" type="cond" truecount="2" falsecount="0"/>
        <line num="21" count="15" type="cond" truecount="4" falsecount="0"/>
        <line num="22" count="11" type="stmt"/>
        <line num="24" count="4" type="cond" truecount="1" falsecount="1"/>
        <line num="25" count="0" type="stmt"/>
        <line num="27" count="4" type="stmt"/>
        <line num="29" count="1" type="stmt"/>
        <line num="30" count="1" type="stmt"/>
      </file>
      <file name="index.js" path="/Users/mariannamilovanova/Shelf.io/language-name-to-language-name/lib/index.js">
        <metrics statements="9" coveredstatements="9" conditionals="0" coveredconditionals="0" methods="3" coveredmethods="3"/>
        <line num="2" count="1" type="stmt"/>
        <line num="3" count="1" type="stmt"/>
        <line num="4" count="1" type="stmt"/>
        <line num="5" count="11" type="stmt"/>
        <line num="6" count="1" type="stmt"/>
        <line num="7" count="8" type="stmt"/>
        <line num="8" count="1" type="stmt"/>
        <line num="9" count="7" type="stmt"/>
        <line num="10" count="1" type="stmt"/>
      </file>
      <file name="lang-to-lang.js" path="/Users/mariannamilovanova/Shelf.io/language-name-to-language-name/lib/lang-to-lang.js">
        <metrics statements="17" coveredstatements="17" conditionals="10" coveredconditionals="7" methods="5" coveredmethods="5"/>
        <line num="2" count="1" type="cond" truecount="2" falsecount="1"/>
        <line num="3" count="3" type="cond" truecount="3" falsecount="1"/>
        <line num="5" count="1" type="stmt"/>
        <line num="6" count="1" type="stmt"/>
        <line num="7" count="1" type="stmt"/>
        <line num="8" count="1" type="stmt"/>
        <line num="9" count="1" type="stmt"/>
        <line num="10" count="1" type="cond" truecount="0" falsecount="1"/>
        <line num="11" count="19" type="stmt"/>
        <line num="12" count="19" type="cond" truecount="2" falsecount="0"/>
        <line num="13" count="1" type="stmt"/>
        <line num="15" count="18" type="stmt"/>
        <line num="17" count="18" type="stmt"/>
        <line num="18" count="3438" type="stmt"/>
        <line num="22" count="3438" type="stmt"/>
        <line num="29" count="3438" type="stmt"/>
        <line num="31" count="1" type="stmt"/>
      </file>
    </package>
    <package name="lib.maps">
      <metrics statements="4" coveredstatements="4" conditionals="0" coveredconditionals="0" methods="0" coveredmethods="0"/>
      <file name="dir.js" path="/Users/mariannamilovanova/Shelf.io/language-name-to-language-name/lib/maps/dir.js">
        <metrics statements="2" coveredstatements="2" conditionals="0" coveredconditionals="0" methods="0" coveredmethods="0"/>
        <line num="2" count="1" type="stmt"/>
        <line num="3" count="1" type="stmt"/>
      </file>
      <file name="native.js" path="/Users/mariannamilovanova/Shelf.io/language-name-to-language-name/lib/maps/native.js">
        <metrics statements="2" coveredstatements="2" conditionals="0" coveredconditionals="0" methods="0" coveredmethods="0"/>
        <line num="2" count="1" type="stmt"/>
        <line num="3" count="1" type="stmt"/>
      </file>
    </package>
    <package name="lib.maps.countries">
      <metrics statements="50" coveredstatements="50" conditionals="14" coveredconditionals="10" methods="2" coveredmethods="2"/>
      <file name="de-short.js" path="/Users/mariannamilovanova/Shelf.io/language-name-to-language-name/lib/maps/countries/de-short.js">
        <metrics statements="2" coveredstatements="2" conditionals="0" coveredconditionals="0" methods="0" coveredmethods="0"/>
        <line num="2" count="1" type="stmt"/>
        <line num="3" count="1" type="stmt"/>
      </file>
      <file name="de.js" path="/Users/mariannamilovanova/Shelf.io/language-name-to-language-name/lib/maps/countries/de.js">
        <metrics statements="2" coveredstatements="2" conditionals="0" coveredconditionals="0" methods="0" coveredmethods="0"/>
        <line num="2" count="1" type="stmt"/>
        <line num="3" count="1" type="stmt"/>
      </file>
      <file name="en-short.js" path="/Users/mariannamilovanova/Shelf.io/language-name-to-language-name/lib/maps/countries/en-short.js">
        <metrics statements="2" coveredstatements="2" conditionals="0" coveredconditionals="0" methods="0" coveredmethods="0"/>
        <line num="2" count="1" type="stmt"/>
        <line num="3" count="1" type="stmt"/>
      </file>
      <file name="en.js" path="/Users/mariannamilovanova/Shelf.io/language-name-to-language-name/lib/maps/countries/en.js">
        <metrics statements="2" coveredstatements="2" conditionals="0" coveredconditionals="0" methods="0" coveredmethods="0"/>
        <line num="2" count="1" type="stmt"/>
        <line num="3" count="1" type="stmt"/>
      </file>
      <file name="es-short.js" path="/Users/mariannamilovanova/Shelf.io/language-name-to-language-name/lib/maps/countries/es-short.js">
        <metrics statements="2" coveredstatements="2" conditionals="0" coveredconditionals="0" methods="0" coveredmethods="0"/>
        <line num="2" count="1" type="stmt"/>
        <line num="3" count="1" type="stmt"/>
      </file>
      <file name="es.js" path="/Users/mariannamilovanova/Shelf.io/language-name-to-language-name/lib/maps/countries/es.js">
        <metrics statements="2" coveredstatements="2" conditionals="0" coveredconditionals="0" methods="0" coveredmethods="0"/>
        <line num="2" count="1" type="stmt"/>
        <line num="3" count="1" type="stmt"/>
      </file>
      <file name="fr-short.js" path="/Users/mariannamilovanova/Shelf.io/language-name-to-language-name/lib/maps/countries/fr-short.js">
        <metrics statements="2" coveredstatements="2" conditionals="0" coveredconditionals="0" methods="0" coveredmethods="0"/>
        <line num="2" count="1" type="stmt"/>
        <line num="3" count="1" type="stmt"/>
      </file>
      <file name="fr.js" path="/Users/mariannamilovanova/Shelf.io/language-name-to-language-name/lib/maps/countries/fr.js">
        <metrics statements="2" coveredstatements="2" conditionals="0" coveredconditionals="0" methods="0" coveredmethods="0"/>
        <line num="2" count="1" type="stmt"/>
        <line num="3" count="1" type="stmt"/>
      </file>
      <file name="index.js" path="/Users/mariannamilovanova/Shelf.io/language-name-to-language-name/lib/maps/countries/index.js">
        <metrics statements="11" coveredstatements="11" conditionals="7" coveredconditionals="5" methods="1" coveredmethods="1"/>
        <line num="2" count="1" type="cond" truecount="2" falsecount="1"/>
        <line num="3" count="7" type="cond" truecount="3" falsecount="1"/>
        <line num="5" count="1" type="stmt"/>
        <line num="6" count="1" type="stmt"/>
        <line num="7" count="1" type="stmt"/>
        <line num="8" count="1" type="stmt"/>
        <line num="9" count="1" type="stmt"/>
        <line num="10" count="1" type="stmt"/>
        <line num="11" count="1" type="stmt"/>
        <line num="12" count="1" type="stmt"/>
        <line num="13" count="1" type="stmt"/>
      </file>
      <file name="nb-short.js" path="/Users/mariannamilovanova/Shelf.io/language-name-to-language-name/lib/maps/countries/nb-short.js">
        <metrics statements="2" coveredstatements="2" conditionals="0" coveredconditionals="0" methods="0" coveredmethods="0"/>
        <line num="2" count="1" type="stmt"/>
        <line num="3" count="1" type="stmt"/>
      </file>
      <file name="nb.js" path="/Users/mariannamilovanova/Shelf.io/language-name-to-language-name/lib/maps/countries/nb.js">
        <metrics statements="2" coveredstatements="2" conditionals="0" coveredconditionals="0" methods="0" coveredmethods="0"/>
        <line num="2" count="1" type="stmt"/>
        <line num="3" count="1" type="stmt"/>
      </file>
      <file name="ru-short.js" path="/Users/mariannamilovanova/Shelf.io/language-name-to-language-name/lib/maps/countries/ru-short.js">
        <metrics statements="2" coveredstatements="2" conditionals="0" coveredconditionals="0" methods="0" coveredmethods="0"/>
        <line num="2" count="1" type="stmt"/>
        <line num="3" count="1" type="stmt"/>
      </file>
      <file name="ru.js" path="/Users/mariannamilovanova/Shelf.io/language-name-to-language-name/lib/maps/countries/ru.js">
        <metrics statements="2" coveredstatements="2" conditionals="0" coveredconditionals="0" methods="0" coveredmethods="0"/>
        <line num="2" count="1" type="stmt"/>
        <line num="3" count="1" type="stmt"/>
      </file>
      <file name="short.js" path="/Users/mariannamilovanova/Shelf.io/language-name-to-language-name/lib/maps/countries/short.js">
        <metrics statements="11" coveredstatements="11" conditionals="7" coveredconditionals="5" methods="1" coveredmethods="1"/>
        <line num="2" count="1" type="cond" truecount="2" falsecount="1"/>
        <line num="3" count="7" type="cond" truecount="3" falsecount="1"/>
        <line num="5" count="1" type="stmt"/>
        <line num="6" count="1" type="stmt"/>
        <line num="7" count="1" type="stmt"/>
        <line num="8" count="1" type="stmt"/>
        <line num="9" count="1" type="stmt"/>
        <line num="10" count="1" type="stmt"/>
        <line num="11" count="1" type="stmt"/>
        <line num="12" count="1" type="stmt"/>
        <line num="13" count="1" type="stmt"/>
      </file>
      <file name="uk-short.js" path="/Users/mariannamilovanova/Shelf.io/language-name-to-language-name/lib/maps/countries/uk-short.js">
        <metrics statements="2" coveredstatements="2" conditionals="0" coveredconditionals="0" methods="0" coveredmethods="0"/>
        <line num="2" count="1" type="stmt"/>
        <line num="3" count="1" type="stmt"/>
      </file>
      <file name="uk.js" path="/Users/mariannamilovanova/Shelf.io/language-name-to-language-name/lib/maps/countries/uk.js">
        <metrics statements="2" coveredstatements="2" conditionals="0" coveredconditionals="0" methods="0" coveredmethods="0"/>
        <line num="2" count="1" type="stmt"/>
        <line num="3" count="1" type="stmt"/>
      </file>
    </package>
    <package name="lib.maps.languages">
      <metrics statements="25" coveredstatements="25" conditionals="7" coveredconditionals="5" methods="1" coveredmethods="1"/>
      <file name="de.js" path="/Users/mariannamilovanova/Shelf.io/language-name-to-language-name/lib/maps/languages/de.js">
        <metrics statements="2" coveredstatements="2" conditionals="0" coveredconditionals="0" methods="0" coveredmethods="0"/>
        <line num="2" count="1" type="stmt"/>
        <line num="3" count="1" type="stmt"/>
      </file>
      <file name="en.js" path="/Users/mariannamilovanova/Shelf.io/language-name-to-language-name/lib/maps/languages/en.js">
        <metrics statements="2" coveredstatements="2" conditionals="0" coveredconditionals="0" methods="0" coveredmethods="0"/>
        <line num="2" count="1" type="stmt"/>
        <line num="3" count="1" type="stmt"/>
      </file>
      <file name="es.js" path="/Users/mariannamilovanova/Shelf.io/language-name-to-language-name/lib/maps/languages/es.js">
        <metrics statements="2" coveredstatements="2" conditionals="0" coveredconditionals="0" methods="0" coveredmethods="0"/>
        <line num="2" count="1" type="stmt"/>
        <line num="3" count="1" type="stmt"/>
      </file>
      <file name="fr.js" path="/Users/mariannamilovanova/Shelf.io/language-name-to-language-name/lib/maps/languages/fr.js">
        <metrics statements="2" coveredstatements="2" conditionals="0" coveredconditionals="0" methods="0" coveredmethods="0"/>
        <line num="2" count="1" type="stmt"/>
        <line num="3" count="1" type="stmt"/>
      </file>
      <file name="index.js" path="/Users/mariannamilovanova/Shelf.io/language-name-to-language-name/lib/maps/languages/index.js">
        <metrics statements="11" coveredstatements="11" conditionals="7" coveredconditionals="5" methods="1" coveredmethods="1"/>
        <line num="2" count="1" type="cond" truecount="2" falsecount="1"/>
        <line num="3" count="7" type="cond" truecount="3" falsecount="1"/>
        <line num="5" count="1" type="stmt"/>
        <line num="6" count="1" type="stmt"/>
        <line num="7" count="1" type="stmt"/>
        <line num="8" count="1" type="stmt"/>
        <line num="9" count="1" type="stmt"/>
        <line num="10" count="1" type="stmt"/>
        <line num="11" count="1" type="stmt"/>
        <line num="12" count="1" type="stmt"/>
        <line num="13" count="1" type="stmt"/>
      </file>
      <file name="nb.js" path="/Users/mariannamilovanova/Shelf.io/language-name-to-language-name/lib/maps/languages/nb.js">
        <metrics statements="2" coveredstatements="2" conditionals="0" coveredconditionals="0" methods="0" coveredmethods="0"/>
        <line num="2" count="1" type="stmt"/>
        <line num="3" count="1" type="stmt"/>
      </file>
      <file name="ru.js" path="/Users/mariannamilovanova/Shelf.io/language-name-to-language-name/lib/maps/languages/ru.js">
        <metrics statements="2" coveredstatements="2" conditionals="0" coveredconditionals="0" methods="0" coveredmethods="0"/>
        <line num="2" count="1" type="stmt"/>
        <line num="3" count="1" type="stmt"/>
      </file>
      <file name="uk.js" path="/Users/mariannamilovanova/Shelf.io/language-name-to-language-name/lib/maps/languages/uk.js">
        <metrics statements="2" coveredstatements="2" conditionals="0" coveredconditionals="0" methods="0" coveredmethods="0"/>
        <line num="2" count="1" type="stmt"/>
        <line num="3" count="1" type="stmt"/>
      </file>
    </package>
    <package name="src">
      <metrics statements="33" coveredstatements="32" conditionals="35" coveredconditionals="33" methods="6" coveredmethods="6"/>
      <file name="get-lang-name-with-country.ts" path="/Users/mariannamilovanova/Shelf.io/language-name-to-language-name/src/get-lang-name-with-country.ts">
        <metrics statements="11" coveredstatements="11" conditionals="17" coveredconditionals="17" methods="1" coveredmethods="1"/>
        <line num="13" count="1" type="stmt"/>
        <line num="18" count="8" type="stmt"/>
        <line num="19" count="8" type="stmt"/>
        <line num="20" count="8" type="stmt"/>
        <line num="21" count="8" type="stmt"/>
        <line num="22" count="8" type="cond" truecount="4" falsecount="0"/>
        <line num="24" count="8" type="cond" truecount="2" falsecount="0"/>
        <line num="25" count="7" type="stmt"/>
        <line num="26" count="7" type="stmt"/>
        <line num="27" count="7" type="stmt"/>
        <line num="36" count="1" type="stmt"/>
      </file>
      <file name="get-lang-name.ts" path="/Users/mariannamilovanova/Shelf.io/language-name-to-language-name/src/get-lang-name.ts">
        <metrics statements="13" coveredstatements="12" conditionals="15" coveredconditionals="14" methods="1" coveredmethods="1"/>
        <line num="22" count="15" type="cond" truecount="2" falsecount="0"/>
        <line num="23" count="13" type="stmt"/>
        <line num="24" count="13" type="stmt"/>
        <line num="26" count="15" type="cond" truecount="2" falsecount="0"/>
        <line num="27" count="2" type="stmt"/>
        <line num="28" count="2" type="cond" truecount="2" falsecount="0"/>
        <line num="31" count="15" type="stmt"/>
        <line num="32" count="15" type="cond" truecount="2" falsecount="0"/>
        <line num="34" count="15" type="cond" truecount="4" falsecount="0"/>
        <line num="35" count="11" type="stmt"/>
        <line num="37" count="4" type="cond" truecount="1" falsecount="1"/>
        <line num="38" count="0" type="stmt"/>
        <line num="41" count="4" type="stmt"/>
      </file>
      <file name="index.ts" path="/Users/mariannamilovanova/Shelf.io/language-name-to-language-name/src/index.ts">
        <metrics statements="0" coveredstatements="0" conditionals="0" coveredconditionals="0" methods="0" coveredmethods="0"/>
      </file>
      <file name="lang-to-lang.ts" path="/Users/mariannamilovanova/Shelf.io/language-name-to-language-name/src/lang-to-lang.ts">
        <metrics statements="9" coveredstatements="9" conditionals="3" coveredconditionals="2" methods="4" coveredmethods="4"/>
        <line num="6" count="1" type="cond" truecount="0" falsecount="1"/>
        <line num="7" count="19" type="stmt"/>
        <line num="8" count="19" type="cond" truecount="2" falsecount="0"/>
        <line num="9" count="1" type="stmt"/>
        <line num="11" count="18" type="stmt"/>
        <line num="14" count="18" type="stmt"/>
        <line num="15" count="3438" type="stmt"/>
        <line num="19" count="3438" type="stmt"/>
        <line num="26" count="3438" type="stmt"/>
      </file>
    </package>
    <package name="src.maps">
      <metrics statements="0" coveredstatements="0" conditionals="0" coveredconditionals="0" methods="0" coveredmethods="0"/>
      <file name="dir.ts" path="/Users/mariannamilovanova/Shelf.io/language-name-to-language-name/src/maps/dir.ts">
        <metrics statements="0" coveredstatements="0" conditionals="0" coveredconditionals="0" methods="0" coveredmethods="0"/>
      </file>
      <file name="native.ts" path="/Users/mariannamilovanova/Shelf.io/language-name-to-language-name/src/maps/native.ts">
        <metrics statements="0" coveredstatements="0" conditionals="0" coveredconditionals="0" methods="0" coveredmethods="0"/>
      </file>
    </package>
    <package name="src.maps.countries">
      <metrics statements="0" coveredstatements="0" conditionals="0" coveredconditionals="0" methods="0" coveredmethods="0"/>
      <file name="de-short.ts" path="/Users/mariannamilovanova/Shelf.io/language-name-to-language-name/src/maps/countries/de-short.ts">
        <metrics statements="0" coveredstatements="0" conditionals="0" coveredconditionals="0" methods="0" coveredmethods="0"/>
      </file>
      <file name="de.ts" path="/Users/mariannamilovanova/Shelf.io/language-name-to-language-name/src/maps/countries/de.ts">
        <metrics statements="0" coveredstatements="0" conditionals="0" coveredconditionals="0" methods="0" coveredmethods="0"/>
      </file>
      <file name="en-short.ts" path="/Users/mariannamilovanova/Shelf.io/language-name-to-language-name/src/maps/countries/en-short.ts">
        <metrics statements="0" coveredstatements="0" conditionals="0" coveredconditionals="0" methods="0" coveredmethods="0"/>
      </file>
      <file name="en.ts" path="/Users/mariannamilovanova/Shelf.io/language-name-to-language-name/src/maps/countries/en.ts">
        <metrics statements="0" coveredstatements="0" conditionals="0" coveredconditionals="0" methods="0" coveredmethods="0"/>
      </file>
      <file name="es-short.ts" path="/Users/mariannamilovanova/Shelf.io/language-name-to-language-name/src/maps/countries/es-short.ts">
        <metrics statements="0" coveredstatements="0" conditionals="0" coveredconditionals="0" methods="0" coveredmethods="0"/>
      </file>
      <file name="es.ts" path="/Users/mariannamilovanova/Shelf.io/language-name-to-language-name/src/maps/countries/es.ts">
        <metrics statements="0" coveredstatements="0" conditionals="0" coveredconditionals="0" methods="0" coveredmethods="0"/>
      </file>
      <file name="fr-short.ts" path="/Users/mariannamilovanova/Shelf.io/language-name-to-language-name/src/maps/countries/fr-short.ts">
        <metrics statements="0" coveredstatements="0" conditionals="0" coveredconditionals="0" methods="0" coveredmethods="0"/>
      </file>
      <file name="fr.ts" path="/Users/mariannamilovanova/Shelf.io/language-name-to-language-name/src/maps/countries/fr.ts">
        <metrics statements="0" coveredstatements="0" conditionals="0" coveredconditionals="0" methods="0" coveredmethods="0"/>
      </file>
      <file name="index.ts" path="/Users/mariannamilovanova/Shelf.io/language-name-to-language-name/src/maps/countries/index.ts">
        <metrics statements="0" coveredstatements="0" conditionals="0" coveredconditionals="0" methods="0" coveredmethods="0"/>
      </file>
      <file name="nb-short.ts" path="/Users/mariannamilovanova/Shelf.io/language-name-to-language-name/src/maps/countries/nb-short.ts">
        <metrics statements="0" coveredstatements="0" conditionals="0" coveredconditionals="0" methods="0" coveredmethods="0"/>
      </file>
      <file name="nb.ts" path="/Users/mariannamilovanova/Shelf.io/language-name-to-language-name/src/maps/countries/nb.ts">
        <metrics statements="0" coveredstatements="0" conditionals="0" coveredconditionals="0" methods="0" coveredmethods="0"/>
      </file>
      <file name="ru-short.ts" path="/Users/mariannamilovanova/Shelf.io/language-name-to-language-name/src/maps/countries/ru-short.ts">
        <metrics statements="0" coveredstatements="0" conditionals="0" coveredconditionals="0" methods="0" coveredmethods="0"/>
      </file>
      <file name="ru.ts" path="/Users/mariannamilovanova/Shelf.io/language-name-to-language-name/src/maps/countries/ru.ts">
        <metrics statements="0" coveredstatements="0" conditionals="0" coveredconditionals="0" methods="0" coveredmethods="0"/>
      </file>
      <file name="short.ts" path="/Users/mariannamilovanova/Shelf.io/language-name-to-language-name/src/maps/countries/short.ts">
        <metrics statements="0" coveredstatements="0" conditionals="0" coveredconditionals="0" methods="0" coveredmethods="0"/>
      </file>
      <file name="uk-short.ts" path="/Users/mariannamilovanova/Shelf.io/language-name-to-language-name/src/maps/countries/uk-short.ts">
        <metrics statements="0" coveredstatements="0" conditionals="0" coveredconditionals="0" methods="0" coveredmethods="0"/>
      </file>
      <file name="uk.ts" path="/Users/mariannamilovanova/Shelf.io/language-name-to-language-name/src/maps/countries/uk.ts">
        <metrics statements="0" coveredstatements="0" conditionals="0" coveredconditionals="0" methods="0" coveredmethods="0"/>
      </file>
    </package>
    <package name="src.maps.languages">
      <metrics statements="0" coveredstatements="0" conditionals="0" coveredconditionals="0" methods="0" coveredmethods="0"/>
      <file name="de.ts" path="/Users/mariannamilovanova/Shelf.io/language-name-to-language-name/src/maps/languages/de.ts">
        <metrics statements="0" coveredstatements="0" conditionals="0" coveredconditionals="0" methods="0" coveredmethods="0"/>
      </file>
      <file name="en.ts" path="/Users/mariannamilovanova/Shelf.io/language-name-to-language-name/src/maps/languages/en.ts">
        <metrics statements="0" coveredstatements="0" conditionals="0" coveredconditionals="0" methods="0" coveredmethods="0"/>
      </file>
      <file name="es.ts" path="/Users/mariannamilovanova/Shelf.io/language-name-to-language-name/src/maps/languages/es.ts">
        <metrics statements="0" coveredstatements="0" conditionals="0" coveredconditionals="0" methods="0" coveredmethods="0"/>
      </file>
      <file name="fr.ts" path="/Users/mariannamilovanova/Shelf.io/language-name-to-language-name/src/maps/languages/fr.ts">
        <metrics statements="0" coveredstatements="0" conditionals="0" coveredconditionals="0" methods="0" coveredmethods="0"/>
      </file>
      <file name="index.ts" path="/Users/mariannamilovanova/Shelf.io/language-name-to-language-name/src/maps/languages/index.ts">
        <metrics statements="0" coveredstatements="0" conditionals="0" coveredconditionals="0" methods="0" coveredmethods="0"/>
      </file>
      <file name="nb.ts" path="/Users/mariannamilovanova/Shelf.io/language-name-to-language-name/src/maps/languages/nb.ts">
        <metrics statements="0" coveredstatements="0" conditionals="0" coveredconditionals="0" methods="0" coveredmethods="0"/>
      </file>
      <file name="ru.ts" path="/Users/mariannamilovanova/Shelf.io/language-name-to-language-name/src/maps/languages/ru.ts">
        <metrics statements="0" coveredstatements="0" conditionals="0" coveredconditionals="0" methods="0" coveredmethods="0"/>
      </file>
      <file name="uk.ts" path="/Users/mariannamilovanova/Shelf.io/language-name-to-language-name/src/maps/languages/uk.ts">
        <metrics statements="0" coveredstatements="0" conditionals="0" coveredconditionals="0" methods="0" coveredmethods="0"/>
      </file>
    </package>
  </project>
</coverage>
