{"/Users/mariannamilovanova/Shelf.io/language-name-to-language-name/lib/get-lang-name-with-country.js": {"path":"/Users/mariannamilovanova/Shelf.io/language-name-to-language-name/lib/get-lang-name-with-country.js","statementMap":{"0":{"start":{"line":2,"column":22},"end":{"line":4,"column":1}},"1":{"start":{"line":3,"column":4},"end":{"line":3,"column":62}},"2":{"start":{"line":5,"column":0},"end":{"line":5,"column":62}},"3":{"start":{"line":6,"column":0},"end":{"line":6,"column":44}},"4":{"start":{"line":7,"column":20},"end":{"line":7,"column":64}},"5":{"start":{"line":8,"column":16},"end":{"line":8,"column":66}},"6":{"start":{"line":9,"column":23},"end":{"line":9,"column":48}},"7":{"start":{"line":10,"column":24},"end":{"line":10,"column":50}},"8":{"start":{"line":17,"column":35},"end":{"line":39,"column":1}},"9":{"start":{"line":18,"column":40},"end":{"line":18,"column":61}},"10":{"start":{"line":19,"column":33},"end":{"line":19,"column":78}},"11":{"start":{"line":20,"column":38},"end":{"line":20,"column":79}},"12":{"start":{"line":21,"column":28},"end":{"line":21,"column":82}},"13":{"start":{"line":22,"column":23},"end":{"line":22,"column":115}},"14":{"start":{"line":23,"column":4},"end":{"line":33,"column":5}},"15":{"start":{"line":24,"column":35},"end":{"line":24,"column":91}},"16":{"start":{"line":25,"column":40},"end":{"line":25,"column":92}},"17":{"start":{"line":26,"column":8},"end":{"line":32,"column":10}},"18":{"start":{"line":34,"column":4},"end":{"line":38,"column":6}},"19":{"start":{"line":40,"column":0},"end":{"line":40,"column":64}}},"fnMap":{"0":{"name":"(anonymous_0)","decl":{"start":{"line":2,"column":56},"end":{"line":2,"column":57}},"loc":{"start":{"line":2,"column":71},"end":{"line":4,"column":1}},"line":2},"1":{"name":"(anonymous_1)","decl":{"start":{"line":17,"column":35},"end":{"line":17,"column":36}},"loc":{"start":{"line":17,"column":107},"end":{"line":39,"column":1}},"line":17}},"branchMap":{"0":{"loc":{"start":{"line":2,"column":22},"end":{"line":4,"column":1}},"type":"binary-expr","locations":[{"start":{"line":2,"column":23},"end":{"line":2,"column":27}},{"start":{"line":2,"column":31},"end":{"line":2,"column":51}},{"start":{"line":2,"column":56},"end":{"line":4,"column":1}}],"line":2},"1":{"loc":{"start":{"line":3,"column":11},"end":{"line":3,"column":61}},"type":"cond-expr","locations":[{"start":{"line":3,"column":37},"end":{"line":3,"column":40}},{"start":{"line":3,"column":43},"end":{"line":3,"column":61}}],"line":3},"2":{"loc":{"start":{"line":3,"column":12},"end":{"line":3,"column":33}},"type":"binary-expr","locations":[{"start":{"line":3,"column":12},"end":{"line":3,"column":15}},{"start":{"line":3,"column":19},"end":{"line":3,"column":33}}],"line":3},"3":{"loc":{"start":{"line":17,"column":48},"end":{"line":17,"column":77}},"type":"default-arg","locations":[{"start":{"line":17,"column":73},"end":{"line":17,"column":77}}],"line":17},"4":{"loc":{"start":{"line":17,"column":79},"end":{"line":17,"column":102}},"type":"default-arg","locations":[{"start":{"line":17,"column":98},"end":{"line":17,"column":102}}],"line":17},"5":{"loc":{"start":{"line":22,"column":23},"end":{"line":22,"column":115}},"type":"cond-expr","locations":[{"start":{"line":22,"column":74},"end":{"line":22,"column":110}},{"start":{"line":22,"column":113},"end":{"line":22,"column":115}}],"line":22},"6":{"loc":{"start":{"line":22,"column":23},"end":{"line":22,"column":71}},"type":"binary-expr","locations":[{"start":{"line":22,"column":23},"end":{"line":22,"column":38}},{"start":{"line":22,"column":42},"end":{"line":22,"column":71}}],"line":22},"7":{"loc":{"start":{"line":23,"column":4},"end":{"line":33,"column":5}},"type":"if","locations":[{"start":{"line":23,"column":4},"end":{"line":33,"column":5}},{"start":{},"end":{}}],"line":23},"8":{"loc":{"start":{"line":27,"column":25},"end":{"line":29,"column":43}},"type":"binary-expr","locations":[{"start":{"line":27,"column":26},"end":{"line":29,"column":36}},{"start":{"line":29,"column":41},"end":{"line":29,"column":43}}],"line":27},"9":{"loc":{"start":{"line":27,"column":26},"end":{"line":29,"column":36}},"type":"cond-expr","locations":[{"start":{"line":28,"column":18},"end":{"line":28,"column":41}},{"start":{"line":29,"column":18},"end":{"line":29,"column":36}}],"line":27},"10":{"loc":{"start":{"line":27,"column":26},"end":{"line":27,"column":98}},"type":"binary-expr","locations":[{"start":{"line":27,"column":26},"end":{"line":27,"column":42}},{"start":{"line":27,"column":46},"end":{"line":27,"column":69}},{"start":{"line":27,"column":73},"end":{"line":27,"column":98}}],"line":27},"11":{"loc":{"start":{"line":35,"column":21},"end":{"line":35,"column":62}},"type":"binary-expr","locations":[{"start":{"line":35,"column":21},"end":{"line":35,"column":56}},{"start":{"line":35,"column":60},"end":{"line":35,"column":62}}],"line":35}},"s":{"0":1,"1":2,"2":1,"3":1,"4":1,"5":1,"6":1,"7":1,"8":1,"9":8,"10":8,"11":8,"12":8,"13":8,"14":8,"15":7,"16":7,"17":7,"18":1,"19":1},"f":{"0":2,"1":8},"b":{"0":[1,0,1],"1":[2,0],"2":[2,2],"3":[3],"4":[6],"5":[6,2],"6":[8,7],"7":[7,1],"8":[7,3],"9":[2,5],"10":[7,5,2],"11":[1,1]},"_coverageSchema":"1a1c01bbd47fc00a2c39e90264f33305004495a9","hash":"f3307d3ce8043f70c9f2cc858879fa3dd0903935"}
,"/Users/mariannamilovanova/Shelf.io/language-name-to-language-name/lib/get-lang-name.js": {"path":"/Users/mariannamilovanova/Shelf.io/language-name-to-language-name/lib/get-lang-name.js","statementMap":{"0":{"start":{"line":2,"column":22},"end":{"line":4,"column":1}},"1":{"start":{"line":3,"column":4},"end":{"line":3,"column":62}},"2":{"start":{"line":5,"column":0},"end":{"line":5,"column":62}},"3":{"start":{"line":6,"column":0},"end":{"line":6,"column":33}},"4":{"start":{"line":7,"column":20},"end":{"line":7,"column":64}},"5":{"start":{"line":11,"column":4},"end":{"line":14,"column":5}},"6":{"start":{"line":12,"column":8},"end":{"line":12,"column":33}},"7":{"start":{"line":13,"column":8},"end":{"line":13,"column":48}},"8":{"start":{"line":15,"column":4},"end":{"line":18,"column":5}},"9":{"start":{"line":16,"column":8},"end":{"line":16,"column":48}},"10":{"start":{"line":17,"column":8},"end":{"line":17,"column":56}},"11":{"start":{"line":19,"column":30},"end":{"line":19,"column":67}},"12":{"start":{"line":20,"column":30},"end":{"line":20,"column":104}},"13":{"start":{"line":21,"column":4},"end":{"line":23,"column":5}},"14":{"start":{"line":22,"column":8},"end":{"line":22,"column":67}},"15":{"start":{"line":24,"column":4},"end":{"line":26,"column":5}},"16":{"start":{"line":25,"column":8},"end":{"line":25,"column":54}},"17":{"start":{"line":27,"column":4},"end":{"line":27,"column":14}},"18":{"start":{"line":29,"column":0},"end":{"line":29,"column":42}},"19":{"start":{"line":30,"column":0},"end":{"line":30,"column":34}}},"fnMap":{"0":{"name":"(anonymous_0)","decl":{"start":{"line":2,"column":56},"end":{"line":2,"column":57}},"loc":{"start":{"line":2,"column":71},"end":{"line":4,"column":1}},"line":2},"1":{"name":"getLanguageName","decl":{"start":{"line":8,"column":9},"end":{"line":8,"column":24}},"loc":{"start":{"line":8,"column":65},"end":{"line":28,"column":1}},"line":8}},"branchMap":{"0":{"loc":{"start":{"line":2,"column":22},"end":{"line":4,"column":1}},"type":"binary-expr","locations":[{"start":{"line":2,"column":23},"end":{"line":2,"column":27}},{"start":{"line":2,"column":31},"end":{"line":2,"column":51}},{"start":{"line":2,"column":56},"end":{"line":4,"column":1}}],"line":2},"1":{"loc":{"start":{"line":3,"column":11},"end":{"line":3,"column":61}},"type":"cond-expr","locations":[{"start":{"line":3,"column":37},"end":{"line":3,"column":40}},{"start":{"line":3,"column":43},"end":{"line":3,"column":61}}],"line":3},"2":{"loc":{"start":{"line":3,"column":12},"end":{"line":3,"column":33}},"type":"binary-expr","locations":[{"start":{"line":3,"column":12},"end":{"line":3,"column":15}},{"start":{"line":3,"column":19},"end":{"line":3,"column":33}}],"line":3},"3":{"loc":{"start":{"line":8,"column":34},"end":{"line":8,"column":63}},"type":"default-arg","locations":[{"start":{"line":8,"column":59},"end":{"line":8,"column":63}}],"line":8},"4":{"loc":{"start":{"line":11,"column":4},"end":{"line":14,"column":5}},"type":"if","locations":[{"start":{"line":11,"column":4},"end":{"line":14,"column":5}},{"start":{},"end":{}}],"line":11},"5":{"loc":{"start":{"line":15,"column":4},"end":{"line":18,"column":5}},"type":"if","locations":[{"start":{"line":15,"column":4},"end":{"line":18,"column":5}},{"start":{},"end":{}}],"line":15},"6":{"loc":{"start":{"line":17,"column":25},"end":{"line":17,"column":55}},"type":"binary-expr","locations":[{"start":{"line":17,"column":25},"end":{"line":17,"column":47}},{"start":{"line":17,"column":51},"end":{"line":17,"column":55}}],"line":17},"7":{"loc":{"start":{"line":20,"column":30},"end":{"line":20,"column":104}},"type":"binary-expr","locations":[{"start":{"line":20,"column":30},"end":{"line":20,"column":47}},{"start":{"line":20,"column":51},"end":{"line":20,"column":104}}],"line":20},"8":{"loc":{"start":{"line":21,"column":4},"end":{"line":23,"column":5}},"type":"if","locations":[{"start":{"line":21,"column":4},"end":{"line":23,"column":5}},{"start":{},"end":{}}],"line":21},"9":{"loc":{"start":{"line":21,"column":8},"end":{"line":21,"column":46}},"type":"binary-expr","locations":[{"start":{"line":21,"column":8},"end":{"line":21,"column":25}},{"start":{"line":21,"column":29},"end":{"line":21,"column":46}}],"line":21},"10":{"loc":{"start":{"line":24,"column":4},"end":{"line":26,"column":5}},"type":"if","locations":[{"start":{"line":24,"column":4},"end":{"line":26,"column":5}},{"start":{},"end":{}}],"line":24}},"s":{"0":1,"1":1,"2":1,"3":1,"4":1,"5":15,"6":13,"7":13,"8":15,"9":2,"10":2,"11":15,"12":15,"13":15,"14":11,"15":4,"16":0,"17":4,"18":1,"19":1},"f":{"0":1,"1":15},"b":{"0":[1,0,1],"1":[1,0],"2":[1,1],"3":[3],"4":[13,2],"5":[2,13],"6":[2,1],"7":[15,13],"8":[11,4],"9":[15,13],"10":[0,4]},"_coverageSchema":"1a1c01bbd47fc00a2c39e90264f33305004495a9","hash":"e7dc83ac43b62e5d10b185c7c0dad909a32a68a8"}
,"/Users/mariannamilovanova/Shelf.io/language-name-to-language-name/lib/index.js": {"path":"/Users/mariannamilovanova/Shelf.io/language-name-to-language-name/lib/index.js","statementMap":{"0":{"start":{"line":2,"column":0},"end":{"line":2,"column":62}},"1":{"start":{"line":3,"column":0},"end":{"line":3,"column":91}},"2":{"start":{"line":4,"column":23},"end":{"line":4,"column":48}},"3":{"start":{"line":5,"column":0},"end":{"line":5,"column":123}},"4":{"start":{"line":5,"column":84},"end":{"line":5,"column":117}},"5":{"start":{"line":6,"column":37},"end":{"line":6,"column":76}},"6":{"start":{"line":7,"column":0},"end":{"line":7,"column":169}},"7":{"start":{"line":7,"column":100},"end":{"line":7,"column":163}},"8":{"start":{"line":8,"column":24},"end":{"line":8,"column":50}},"9":{"start":{"line":9,"column":0},"end":{"line":9,"column":134}},"10":{"start":{"line":9,"column":89},"end":{"line":9,"column":128}},"11":{"start":{"line":10,"column":0},"end":{"line":10,"column":44}}},"fnMap":{"0":{"name":"(anonymous_0)","decl":{"start":{"line":5,"column":70},"end":{"line":5,"column":71}},"loc":{"start":{"line":5,"column":82},"end":{"line":5,"column":119}},"line":5},"1":{"name":"(anonymous_1)","decl":{"start":{"line":7,"column":86},"end":{"line":7,"column":87}},"loc":{"start":{"line":7,"column":98},"end":{"line":7,"column":165}},"line":7},"2":{"name":"(anonymous_2)","decl":{"start":{"line":9,"column":75},"end":{"line":9,"column":76}},"loc":{"start":{"line":9,"column":87},"end":{"line":9,"column":130}},"line":9}},"branchMap":{},"s":{"0":1,"1":1,"2":1,"3":1,"4":11,"5":1,"6":1,"7":8,"8":1,"9":1,"10":7,"11":1},"f":{"0":11,"1":8,"2":7},"b":{},"_coverageSchema":"1a1c01bbd47fc00a2c39e90264f33305004495a9","hash":"b0260d24a484a59560b601f86dc719cc8983e9f6"}
,"/Users/mariannamilovanova/Shelf.io/language-name-to-language-name/lib/lang-to-lang.js": {"path":"/Users/mariannamilovanova/Shelf.io/language-name-to-language-name/lib/lang-to-lang.js","statementMap":{"0":{"start":{"line":2,"column":22},"end":{"line":4,"column":1}},"1":{"start":{"line":3,"column":4},"end":{"line":3,"column":62}},"2":{"start":{"line":5,"column":0},"end":{"line":5,"column":62}},"3":{"start":{"line":6,"column":0},"end":{"line":6,"column":28}},"4":{"start":{"line":7,"column":20},"end":{"line":7,"column":64}},"5":{"start":{"line":8,"column":17},"end":{"line":8,"column":58}},"6":{"start":{"line":9,"column":14},"end":{"line":9,"column":52}},"7":{"start":{"line":10,"column":19},"end":{"line":30,"column":1}},"8":{"start":{"line":11,"column":27},"end":{"line":11,"column":56}},"9":{"start":{"line":12,"column":4},"end":{"line":14,"column":5}},"10":{"start":{"line":13,"column":8},"end":{"line":13,"column":15}},"11":{"start":{"line":15,"column":17},"end":{"line":15,"column":44}},"12":{"start":{"line":17,"column":4},"end":{"line":29,"column":86}},"13":{"start":{"line":18,"column":35},"end":{"line":21,"column":5}},"14":{"start":{"line":22,"column":35},"end":{"line":28,"column":5}},"15":{"start":{"line":29,"column":34},"end":{"line":29,"column":79}},"16":{"start":{"line":31,"column":0},"end":{"line":31,"column":32}}},"fnMap":{"0":{"name":"(anonymous_0)","decl":{"start":{"line":2,"column":56},"end":{"line":2,"column":57}},"loc":{"start":{"line":2,"column":71},"end":{"line":4,"column":1}},"line":2},"1":{"name":"(anonymous_1)","decl":{"start":{"line":10,"column":19},"end":{"line":10,"column":20}},"loc":{"start":{"line":10,"column":40},"end":{"line":30,"column":1}},"line":10},"2":{"name":"(anonymous_2)","decl":{"start":{"line":18,"column":13},"end":{"line":18,"column":14}},"loc":{"start":{"line":18,"column":35},"end":{"line":21,"column":5}},"line":18},"3":{"name":"(anonymous_3)","decl":{"start":{"line":22,"column":13},"end":{"line":22,"column":14}},"loc":{"start":{"line":22,"column":35},"end":{"line":28,"column":5}},"line":22},"4":{"name":"(anonymous_4)","decl":{"start":{"line":29,"column":16},"end":{"line":29,"column":17}},"loc":{"start":{"line":29,"column":34},"end":{"line":29,"column":79}},"line":29}},"branchMap":{"0":{"loc":{"start":{"line":2,"column":22},"end":{"line":4,"column":1}},"type":"binary-expr","locations":[{"start":{"line":2,"column":23},"end":{"line":2,"column":27}},{"start":{"line":2,"column":31},"end":{"line":2,"column":51}},{"start":{"line":2,"column":56},"end":{"line":4,"column":1}}],"line":2},"1":{"loc":{"start":{"line":3,"column":11},"end":{"line":3,"column":61}},"type":"cond-expr","locations":[{"start":{"line":3,"column":37},"end":{"line":3,"column":40}},{"start":{"line":3,"column":43},"end":{"line":3,"column":61}}],"line":3},"2":{"loc":{"start":{"line":3,"column":12},"end":{"line":3,"column":33}},"type":"binary-expr","locations":[{"start":{"line":3,"column":12},"end":{"line":3,"column":15}},{"start":{"line":3,"column":19},"end":{"line":3,"column":33}}],"line":3},"3":{"loc":{"start":{"line":10,"column":20},"end":{"line":10,"column":35}},"type":"default-arg","locations":[{"start":{"line":10,"column":31},"end":{"line":10,"column":35}}],"line":10},"4":{"loc":{"start":{"line":12,"column":4},"end":{"line":14,"column":5}},"type":"if","locations":[{"start":{"line":12,"column":4},"end":{"line":14,"column":5}},{"start":{},"end":{}}],"line":12}},"s":{"0":1,"1":3,"2":1,"3":1,"4":1,"5":1,"6":1,"7":1,"8":19,"9":19,"10":1,"11":18,"12":18,"13":3438,"14":3438,"15":3438,"16":1},"f":{"0":3,"1":19,"2":3438,"3":3438,"4":3438},"b":{"0":[1,0,1],"1":[3,0],"2":[3,3],"3":[0],"4":[1,18]},"_coverageSchema":"1a1c01bbd47fc00a2c39e90264f33305004495a9","hash":"55e19af26a0648e64eff4a930492b0f894e7a674"}
,"/Users/mariannamilovanova/Shelf.io/language-name-to-language-name/lib/maps/dir.js": {"path":"/Users/mariannamilovanova/Shelf.io/language-name-to-language-name/lib/maps/dir.js","statementMap":{"0":{"start":{"line":2,"column":0},"end":{"line":2,"column":62}},"1":{"start":{"line":3,"column":0},"end":{"line":195,"column":2}}},"fnMap":{},"branchMap":{},"s":{"0":1,"1":1},"f":{},"b":{},"_coverageSchema":"1a1c01bbd47fc00a2c39e90264f33305004495a9","hash":"0bb0ba09db6caa9d5db317dd218a23c9860d9cbd"}
,"/Users/mariannamilovanova/Shelf.io/language-name-to-language-name/lib/maps/native.js": {"path":"/Users/mariannamilovanova/Shelf.io/language-name-to-language-name/lib/maps/native.js","statementMap":{"0":{"start":{"line":2,"column":0},"end":{"line":2,"column":62}},"1":{"start":{"line":3,"column":0},"end":{"line":198,"column":2}}},"fnMap":{},"branchMap":{},"s":{"0":1,"1":1},"f":{},"b":{},"_coverageSchema":"1a1c01bbd47fc00a2c39e90264f33305004495a9","hash":"5d1e0ee1069dd230132cf0ab355c062a19c8cffa"}
,"/Users/mariannamilovanova/Shelf.io/language-name-to-language-name/lib/maps/countries/de-short.js": {"path":"/Users/mariannamilovanova/Shelf.io/language-name-to-language-name/lib/maps/countries/de-short.js","statementMap":{"0":{"start":{"line":2,"column":0},"end":{"line":2,"column":62}},"1":{"start":{"line":3,"column":0},"end":{"line":28,"column":2}}},"fnMap":{},"branchMap":{},"s":{"0":1,"1":1},"f":{},"b":{},"_coverageSchema":"1a1c01bbd47fc00a2c39e90264f33305004495a9","hash":"38c52b5e7526a4a0ec2113b053f44f3f3838e4d6"}
,"/Users/mariannamilovanova/Shelf.io/language-name-to-language-name/lib/maps/countries/de.js": {"path":"/Users/mariannamilovanova/Shelf.io/language-name-to-language-name/lib/maps/countries/de.js","statementMap":{"0":{"start":{"line":2,"column":0},"end":{"line":2,"column":62}},"1":{"start":{"line":3,"column":0},"end":{"line":253,"column":2}}},"fnMap":{},"branchMap":{},"s":{"0":1,"1":1},"f":{},"b":{},"_coverageSchema":"1a1c01bbd47fc00a2c39e90264f33305004495a9","hash":"00e604f0a2463dde9b3750ae82b3081fdd1be3f2"}
,"/Users/mariannamilovanova/Shelf.io/language-name-to-language-name/lib/maps/countries/en-short.js": {"path":"/Users/mariannamilovanova/Shelf.io/language-name-to-language-name/lib/maps/countries/en-short.js","statementMap":{"0":{"start":{"line":2,"column":0},"end":{"line":2,"column":62}},"1":{"start":{"line":3,"column":0},"end":{"line":28,"column":2}}},"fnMap":{},"branchMap":{},"s":{"0":1,"1":1},"f":{},"b":{},"_coverageSchema":"1a1c01bbd47fc00a2c39e90264f33305004495a9","hash":"8d234f73c58e01d0c19ee341426b6ca2d1022c01"}
,"/Users/mariannamilovanova/Shelf.io/language-name-to-language-name/lib/maps/countries/en.js": {"path":"/Users/mariannamilovanova/Shelf.io/language-name-to-language-name/lib/maps/countries/en.js","statementMap":{"0":{"start":{"line":2,"column":0},"end":{"line":2,"column":62}},"1":{"start":{"line":3,"column":0},"end":{"line":253,"column":2}}},"fnMap":{},"branchMap":{},"s":{"0":1,"1":1},"f":{},"b":{},"_coverageSchema":"1a1c01bbd47fc00a2c39e90264f33305004495a9","hash":"c9734d95a995b9eaf361fc3942c36a971081b3ad"}
,"/Users/mariannamilovanova/Shelf.io/language-name-to-language-name/lib/maps/countries/es-short.js": {"path":"/Users/mariannamilovanova/Shelf.io/language-name-to-language-name/lib/maps/countries/es-short.js","statementMap":{"0":{"start":{"line":2,"column":0},"end":{"line":2,"column":62}},"1":{"start":{"line":3,"column":0},"end":{"line":28,"column":2}}},"fnMap":{},"branchMap":{},"s":{"0":1,"1":1},"f":{},"b":{},"_coverageSchema":"1a1c01bbd47fc00a2c39e90264f33305004495a9","hash":"6740805dfdf3ff2514c84dfd3d4eaac0d3f7810c"}
,"/Users/mariannamilovanova/Shelf.io/language-name-to-language-name/lib/maps/countries/es.js": {"path":"/Users/mariannamilovanova/Shelf.io/language-name-to-language-name/lib/maps/countries/es.js","statementMap":{"0":{"start":{"line":2,"column":0},"end":{"line":2,"column":62}},"1":{"start":{"line":3,"column":0},"end":{"line":253,"column":2}}},"fnMap":{},"branchMap":{},"s":{"0":1,"1":1},"f":{},"b":{},"_coverageSchema":"1a1c01bbd47fc00a2c39e90264f33305004495a9","hash":"ad8d75949effbc5d485d8c2b7a942fc4a5a2f9ac"}
,"/Users/mariannamilovanova/Shelf.io/language-name-to-language-name/lib/maps/countries/fr-short.js": {"path":"/Users/mariannamilovanova/Shelf.io/language-name-to-language-name/lib/maps/countries/fr-short.js","statementMap":{"0":{"start":{"line":2,"column":0},"end":{"line":2,"column":62}},"1":{"start":{"line":3,"column":0},"end":{"line":5,"column":2}}},"fnMap":{},"branchMap":{},"s":{"0":1,"1":1},"f":{},"b":{},"_coverageSchema":"1a1c01bbd47fc00a2c39e90264f33305004495a9","hash":"01a55ca6a2951c096b801dc2d038357c037bc2be"}
,"/Users/mariannamilovanova/Shelf.io/language-name-to-language-name/lib/maps/countries/fr.js": {"path":"/Users/mariannamilovanova/Shelf.io/language-name-to-language-name/lib/maps/countries/fr.js","statementMap":{"0":{"start":{"line":2,"column":0},"end":{"line":2,"column":62}},"1":{"start":{"line":3,"column":0},"end":{"line":253,"column":2}}},"fnMap":{},"branchMap":{},"s":{"0":1,"1":1},"f":{},"b":{},"_coverageSchema":"1a1c01bbd47fc00a2c39e90264f33305004495a9","hash":"d4d7bf3d9fb93b1546af7b4d66fdd02cb2ee32d9"}
,"/Users/mariannamilovanova/Shelf.io/language-name-to-language-name/lib/maps/countries/index.js": {"path":"/Users/mariannamilovanova/Shelf.io/language-name-to-language-name/lib/maps/countries/index.js","statementMap":{"0":{"start":{"line":2,"column":22},"end":{"line":4,"column":1}},"1":{"start":{"line":3,"column":4},"end":{"line":3,"column":62}},"2":{"start":{"line":5,"column":0},"end":{"line":5,"column":62}},"3":{"start":{"line":6,"column":13},"end":{"line":6,"column":45}},"4":{"start":{"line":7,"column":13},"end":{"line":7,"column":45}},"5":{"start":{"line":8,"column":13},"end":{"line":8,"column":45}},"6":{"start":{"line":9,"column":13},"end":{"line":9,"column":45}},"7":{"start":{"line":10,"column":13},"end":{"line":10,"column":45}},"8":{"start":{"line":11,"column":13},"end":{"line":11,"column":45}},"9":{"start":{"line":12,"column":13},"end":{"line":12,"column":45}},"10":{"start":{"line":13,"column":0},"end":{"line":21,"column":2}}},"fnMap":{"0":{"name":"(anonymous_0)","decl":{"start":{"line":2,"column":56},"end":{"line":2,"column":57}},"loc":{"start":{"line":2,"column":71},"end":{"line":4,"column":1}},"line":2}},"branchMap":{"0":{"loc":{"start":{"line":2,"column":22},"end":{"line":4,"column":1}},"type":"binary-expr","locations":[{"start":{"line":2,"column":23},"end":{"line":2,"column":27}},{"start":{"line":2,"column":31},"end":{"line":2,"column":51}},{"start":{"line":2,"column":56},"end":{"line":4,"column":1}}],"line":2},"1":{"loc":{"start":{"line":3,"column":11},"end":{"line":3,"column":61}},"type":"cond-expr","locations":[{"start":{"line":3,"column":37},"end":{"line":3,"column":40}},{"start":{"line":3,"column":43},"end":{"line":3,"column":61}}],"line":3},"2":{"loc":{"start":{"line":3,"column":12},"end":{"line":3,"column":33}},"type":"binary-expr","locations":[{"start":{"line":3,"column":12},"end":{"line":3,"column":15}},{"start":{"line":3,"column":19},"end":{"line":3,"column":33}}],"line":3}},"s":{"0":1,"1":7,"2":1,"3":1,"4":1,"5":1,"6":1,"7":1,"8":1,"9":1,"10":1},"f":{"0":7},"b":{"0":[1,0,1],"1":[7,0],"2":[7,7]},"_coverageSchema":"1a1c01bbd47fc00a2c39e90264f33305004495a9","hash":"c7a8469f9bbdce901de427555c2a18284a740ae8"}
,"/Users/mariannamilovanova/Shelf.io/language-name-to-language-name/lib/maps/countries/nb-short.js": {"path":"/Users/mariannamilovanova/Shelf.io/language-name-to-language-name/lib/maps/countries/nb-short.js","statementMap":{"0":{"start":{"line":2,"column":0},"end":{"line":2,"column":62}},"1":{"start":{"line":3,"column":0},"end":{"line":28,"column":2}}},"fnMap":{},"branchMap":{},"s":{"0":1,"1":1},"f":{},"b":{},"_coverageSchema":"1a1c01bbd47fc00a2c39e90264f33305004495a9","hash":"e14fde313e418a88d65d04112e6cd5ce8557dd99"}
,"/Users/mariannamilovanova/Shelf.io/language-name-to-language-name/lib/maps/countries/nb.js": {"path":"/Users/mariannamilovanova/Shelf.io/language-name-to-language-name/lib/maps/countries/nb.js","statementMap":{"0":{"start":{"line":2,"column":0},"end":{"line":2,"column":62}},"1":{"start":{"line":3,"column":0},"end":{"line":253,"column":2}}},"fnMap":{},"branchMap":{},"s":{"0":1,"1":1},"f":{},"b":{},"_coverageSchema":"1a1c01bbd47fc00a2c39e90264f33305004495a9","hash":"c6b907aac8e55b7b17f32380b8a55956dca2fe5a"}
,"/Users/mariannamilovanova/Shelf.io/language-name-to-language-name/lib/maps/countries/ru-short.js": {"path":"/Users/mariannamilovanova/Shelf.io/language-name-to-language-name/lib/maps/countries/ru-short.js","statementMap":{"0":{"start":{"line":2,"column":0},"end":{"line":2,"column":62}},"1":{"start":{"line":3,"column":0},"end":{"line":28,"column":2}}},"fnMap":{},"branchMap":{},"s":{"0":1,"1":1},"f":{},"b":{},"_coverageSchema":"1a1c01bbd47fc00a2c39e90264f33305004495a9","hash":"175e29ae764a7d0f9537d3c1f5d37b473c2ce362"}
,"/Users/mariannamilovanova/Shelf.io/language-name-to-language-name/lib/maps/countries/ru.js": {"path":"/Users/mariannamilovanova/Shelf.io/language-name-to-language-name/lib/maps/countries/ru.js","statementMap":{"0":{"start":{"line":2,"column":0},"end":{"line":2,"column":62}},"1":{"start":{"line":3,"column":0},"end":{"line":253,"column":2}}},"fnMap":{},"branchMap":{},"s":{"0":1,"1":1},"f":{},"b":{},"_coverageSchema":"1a1c01bbd47fc00a2c39e90264f33305004495a9","hash":"f532e705dd76e3a26b412d92416ebaf5616eb64d"}
,"/Users/mariannamilovanova/Shelf.io/language-name-to-language-name/lib/maps/countries/short.js": {"path":"/Users/mariannamilovanova/Shelf.io/language-name-to-language-name/lib/maps/countries/short.js","statementMap":{"0":{"start":{"line":2,"column":22},"end":{"line":4,"column":1}},"1":{"start":{"line":3,"column":4},"end":{"line":3,"column":62}},"2":{"start":{"line":5,"column":0},"end":{"line":5,"column":62}},"3":{"start":{"line":6,"column":19},"end":{"line":6,"column":57}},"4":{"start":{"line":7,"column":19},"end":{"line":7,"column":57}},"5":{"start":{"line":8,"column":19},"end":{"line":8,"column":57}},"6":{"start":{"line":9,"column":19},"end":{"line":9,"column":57}},"7":{"start":{"line":10,"column":19},"end":{"line":10,"column":57}},"8":{"start":{"line":11,"column":19},"end":{"line":11,"column":57}},"9":{"start":{"line":12,"column":19},"end":{"line":12,"column":57}},"10":{"start":{"line":13,"column":0},"end":{"line":21,"column":2}}},"fnMap":{"0":{"name":"(anonymous_0)","decl":{"start":{"line":2,"column":56},"end":{"line":2,"column":57}},"loc":{"start":{"line":2,"column":71},"end":{"line":4,"column":1}},"line":2}},"branchMap":{"0":{"loc":{"start":{"line":2,"column":22},"end":{"line":4,"column":1}},"type":"binary-expr","locations":[{"start":{"line":2,"column":23},"end":{"line":2,"column":27}},{"start":{"line":2,"column":31},"end":{"line":2,"column":51}},{"start":{"line":2,"column":56},"end":{"line":4,"column":1}}],"line":2},"1":{"loc":{"start":{"line":3,"column":11},"end":{"line":3,"column":61}},"type":"cond-expr","locations":[{"start":{"line":3,"column":37},"end":{"line":3,"column":40}},{"start":{"line":3,"column":43},"end":{"line":3,"column":61}}],"line":3},"2":{"loc":{"start":{"line":3,"column":12},"end":{"line":3,"column":33}},"type":"binary-expr","locations":[{"start":{"line":3,"column":12},"end":{"line":3,"column":15}},{"start":{"line":3,"column":19},"end":{"line":3,"column":33}}],"line":3}},"s":{"0":1,"1":7,"2":1,"3":1,"4":1,"5":1,"6":1,"7":1,"8":1,"9":1,"10":1},"f":{"0":7},"b":{"0":[1,0,1],"1":[7,0],"2":[7,7]},"_coverageSchema":"1a1c01bbd47fc00a2c39e90264f33305004495a9","hash":"d1f09ede099b2619518032ca5dba0398056eb21d"}
,"/Users/mariannamilovanova/Shelf.io/language-name-to-language-name/lib/maps/countries/uk-short.js": {"path":"/Users/mariannamilovanova/Shelf.io/language-name-to-language-name/lib/maps/countries/uk-short.js","statementMap":{"0":{"start":{"line":2,"column":0},"end":{"line":2,"column":62}},"1":{"start":{"line":3,"column":0},"end":{"line":28,"column":2}}},"fnMap":{},"branchMap":{},"s":{"0":1,"1":1},"f":{},"b":{},"_coverageSchema":"1a1c01bbd47fc00a2c39e90264f33305004495a9","hash":"2c55c4b27abc3d644347499bb4475dc9f0847494"}
,"/Users/mariannamilovanova/Shelf.io/language-name-to-language-name/lib/maps/countries/uk.js": {"path":"/Users/mariannamilovanova/Shelf.io/language-name-to-language-name/lib/maps/countries/uk.js","statementMap":{"0":{"start":{"line":2,"column":0},"end":{"line":2,"column":62}},"1":{"start":{"line":3,"column":0},"end":{"line":253,"column":2}}},"fnMap":{},"branchMap":{},"s":{"0":1,"1":1},"f":{},"b":{},"_coverageSchema":"1a1c01bbd47fc00a2c39e90264f33305004495a9","hash":"674a1aac85357ab54122cd4032023c4aa6b60e58"}
,"/Users/mariannamilovanova/Shelf.io/language-name-to-language-name/lib/maps/languages/de.js": {"path":"/Users/mariannamilovanova/Shelf.io/language-name-to-language-name/lib/maps/languages/de.js","statementMap":{"0":{"start":{"line":2,"column":0},"end":{"line":2,"column":62}},"1":{"start":{"line":3,"column":0},"end":{"line":198,"column":2}}},"fnMap":{},"branchMap":{},"s":{"0":1,"1":1},"f":{},"b":{},"_coverageSchema":"1a1c01bbd47fc00a2c39e90264f33305004495a9","hash":"395ff9dbcd779419af549c80b46a8aed40277ee8"}
,"/Users/mariannamilovanova/Shelf.io/language-name-to-language-name/lib/maps/languages/en.js": {"path":"/Users/mariannamilovanova/Shelf.io/language-name-to-language-name/lib/maps/languages/en.js","statementMap":{"0":{"start":{"line":2,"column":0},"end":{"line":2,"column":62}},"1":{"start":{"line":3,"column":0},"end":{"line":198,"column":2}}},"fnMap":{},"branchMap":{},"s":{"0":1,"1":1},"f":{},"b":{},"_coverageSchema":"1a1c01bbd47fc00a2c39e90264f33305004495a9","hash":"5dac1fe53f5b948409bff582a0653eecfd69bf4b"}
,"/Users/mariannamilovanova/Shelf.io/language-name-to-language-name/lib/maps/languages/es.js": {"path":"/Users/mariannamilovanova/Shelf.io/language-name-to-language-name/lib/maps/languages/es.js","statementMap":{"0":{"start":{"line":2,"column":0},"end":{"line":2,"column":62}},"1":{"start":{"line":3,"column":0},"end":{"line":198,"column":2}}},"fnMap":{},"branchMap":{},"s":{"0":1,"1":1},"f":{},"b":{},"_coverageSchema":"1a1c01bbd47fc00a2c39e90264f33305004495a9","hash":"36c17a02e56e86257e9c604ea651545639ce094c"}
,"/Users/mariannamilovanova/Shelf.io/language-name-to-language-name/lib/maps/languages/fr.js": {"path":"/Users/mariannamilovanova/Shelf.io/language-name-to-language-name/lib/maps/languages/fr.js","statementMap":{"0":{"start":{"line":2,"column":0},"end":{"line":2,"column":62}},"1":{"start":{"line":3,"column":0},"end":{"line":198,"column":2}}},"fnMap":{},"branchMap":{},"s":{"0":1,"1":1},"f":{},"b":{},"_coverageSchema":"1a1c01bbd47fc00a2c39e90264f33305004495a9","hash":"8c1cfaf416f2ec805135ccd503d5a7336429193e"}
,"/Users/mariannamilovanova/Shelf.io/language-name-to-language-name/lib/maps/languages/index.js": {"path":"/Users/mariannamilovanova/Shelf.io/language-name-to-language-name/lib/maps/languages/index.js","statementMap":{"0":{"start":{"line":2,"column":22},"end":{"line":4,"column":1}},"1":{"start":{"line":3,"column":4},"end":{"line":3,"column":62}},"2":{"start":{"line":5,"column":0},"end":{"line":5,"column":62}},"3":{"start":{"line":6,"column":13},"end":{"line":6,"column":45}},"4":{"start":{"line":7,"column":13},"end":{"line":7,"column":45}},"5":{"start":{"line":8,"column":13},"end":{"line":8,"column":45}},"6":{"start":{"line":9,"column":13},"end":{"line":9,"column":45}},"7":{"start":{"line":10,"column":13},"end":{"line":10,"column":45}},"8":{"start":{"line":11,"column":13},"end":{"line":11,"column":45}},"9":{"start":{"line":12,"column":13},"end":{"line":12,"column":45}},"10":{"start":{"line":13,"column":0},"end":{"line":21,"column":2}}},"fnMap":{"0":{"name":"(anonymous_0)","decl":{"start":{"line":2,"column":56},"end":{"line":2,"column":57}},"loc":{"start":{"line":2,"column":71},"end":{"line":4,"column":1}},"line":2}},"branchMap":{"0":{"loc":{"start":{"line":2,"column":22},"end":{"line":4,"column":1}},"type":"binary-expr","locations":[{"start":{"line":2,"column":23},"end":{"line":2,"column":27}},{"start":{"line":2,"column":31},"end":{"line":2,"column":51}},{"start":{"line":2,"column":56},"end":{"line":4,"column":1}}],"line":2},"1":{"loc":{"start":{"line":3,"column":11},"end":{"line":3,"column":61}},"type":"cond-expr","locations":[{"start":{"line":3,"column":37},"end":{"line":3,"column":40}},{"start":{"line":3,"column":43},"end":{"line":3,"column":61}}],"line":3},"2":{"loc":{"start":{"line":3,"column":12},"end":{"line":3,"column":33}},"type":"binary-expr","locations":[{"start":{"line":3,"column":12},"end":{"line":3,"column":15}},{"start":{"line":3,"column":19},"end":{"line":3,"column":33}}],"line":3}},"s":{"0":1,"1":7,"2":1,"3":1,"4":1,"5":1,"6":1,"7":1,"8":1,"9":1,"10":1},"f":{"0":7},"b":{"0":[1,0,1],"1":[7,0],"2":[7,7]},"_coverageSchema":"1a1c01bbd47fc00a2c39e90264f33305004495a9","hash":"63e3840098df77ea232276475120c1592a17ee49"}
,"/Users/mariannamilovanova/Shelf.io/language-name-to-language-name/lib/maps/languages/nb.js": {"path":"/Users/mariannamilovanova/Shelf.io/language-name-to-language-name/lib/maps/languages/nb.js","statementMap":{"0":{"start":{"line":2,"column":0},"end":{"line":2,"column":62}},"1":{"start":{"line":3,"column":0},"end":{"line":198,"column":2}}},"fnMap":{},"branchMap":{},"s":{"0":1,"1":1},"f":{},"b":{},"_coverageSchema":"1a1c01bbd47fc00a2c39e90264f33305004495a9","hash":"8aba7df1e223f33cb5259e2749282cc6c01812b8"}
,"/Users/mariannamilovanova/Shelf.io/language-name-to-language-name/lib/maps/languages/ru.js": {"path":"/Users/mariannamilovanova/Shelf.io/language-name-to-language-name/lib/maps/languages/ru.js","statementMap":{"0":{"start":{"line":2,"column":0},"end":{"line":2,"column":62}},"1":{"start":{"line":3,"column":0},"end":{"line":198,"column":2}}},"fnMap":{},"branchMap":{},"s":{"0":1,"1":1},"f":{},"b":{},"_coverageSchema":"1a1c01bbd47fc00a2c39e90264f33305004495a9","hash":"8bcb7a036a4495bda68eb9d9b7ebca40f38c45df"}
,"/Users/mariannamilovanova/Shelf.io/language-name-to-language-name/lib/maps/languages/uk.js": {"path":"/Users/mariannamilovanova/Shelf.io/language-name-to-language-name/lib/maps/languages/uk.js","statementMap":{"0":{"start":{"line":2,"column":0},"end":{"line":2,"column":62}},"1":{"start":{"line":3,"column":0},"end":{"line":198,"column":2}}},"fnMap":{},"branchMap":{},"s":{"0":1,"1":1},"f":{},"b":{},"_coverageSchema":"1a1c01bbd47fc00a2c39e90264f33305004495a9","hash":"10faa962d248bc4f41c659edb1edacb36cb2bc44"}
,"/Users/mariannamilovanova/Shelf.io/language-name-to-language-name/src/get-lang-name-with-country.ts": {"path":"/Users/mariannamilovanova/Shelf.io/language-name-to-language-name/src/get-lang-name-with-country.ts","statementMap":{"0":{"start":{"line":13,"column":35},"end":{"line":41,"column":1}},"1":{"start":{"line":18,"column":38},"end":{"line":18,"column":59}},"2":{"start":{"line":19,"column":31},"end":{"line":19,"column":69}},"3":{"start":{"line":20,"column":36},"end":{"line":20,"column":79}},"4":{"start":{"line":21,"column":26},"end":{"line":21,"column":76}},"5":{"start":{"line":22,"column":21},"end":{"line":22,"column":113}},"6":{"start":{"line":24,"column":2},"end":{"line":35,"column":3}},"7":{"start":{"line":25,"column":31},"end":{"line":25,"column":80}},"8":{"start":{"line":26,"column":36},"end":{"line":26,"column":90}},"9":{"start":{"line":27,"column":4},"end":{"line":34,"column":6}},"10":{"start":{"line":36,"column":2},"end":{"line":40,"column":4}}},"fnMap":{"0":{"name":"(anonymous_0)","decl":{"start":{"line":13,"column":35},"end":{"line":13,"column":36}},"loc":{"start":{"line":17,"column":74},"end":{"line":41,"column":1}},"line":17}},"branchMap":{"0":{"loc":{"start":{"line":15,"column":2},"end":{"line":15,"column":45}},"type":"default-arg","locations":[{"start":{"line":15,"column":41},"end":{"line":15,"column":45}}],"line":15},"1":{"loc":{"start":{"line":16,"column":2},"end":{"line":16,"column":34}},"type":"default-arg","locations":[{"start":{"line":16,"column":30},"end":{"line":16,"column":34}}],"line":16},"2":{"loc":{"start":{"line":22,"column":21},"end":{"line":22,"column":113}},"type":"cond-expr","locations":[{"start":{"line":22,"column":72},"end":{"line":22,"column":108}},{"start":{"line":22,"column":111},"end":{"line":22,"column":113}}],"line":22},"3":{"loc":{"start":{"line":22,"column":21},"end":{"line":22,"column":69}},"type":"binary-expr","locations":[{"start":{"line":22,"column":21},"end":{"line":22,"column":36}},{"start":{"line":22,"column":40},"end":{"line":22,"column":69}}],"line":22},"4":{"loc":{"start":{"line":24,"column":2},"end":{"line":35,"column":3}},"type":"if","locations":[{"start":{"line":24,"column":2},"end":{"line":35,"column":3}},{"start":{},"end":{}}],"line":24},"5":{"loc":{"start":{"line":29,"column":16},"end":{"line":31,"column":45}},"type":"binary-expr","locations":[{"start":{"line":29,"column":17},"end":{"line":31,"column":38}},{"start":{"line":31,"column":43},"end":{"line":31,"column":45}}],"line":29},"6":{"loc":{"start":{"line":29,"column":17},"end":{"line":31,"column":38}},"type":"cond-expr","locations":[{"start":{"line":30,"column":20},"end":{"line":30,"column":43}},{"start":{"line":31,"column":20},"end":{"line":31,"column":38}}],"line":29},"7":{"loc":{"start":{"line":29,"column":17},"end":{"line":29,"column":89}},"type":"binary-expr","locations":[{"start":{"line":29,"column":17},"end":{"line":29,"column":33}},{"start":{"line":29,"column":37},"end":{"line":29,"column":60}},{"start":{"line":29,"column":64},"end":{"line":29,"column":89}}],"line":29},"8":{"loc":{"start":{"line":37,"column":17},"end":{"line":37,"column":51}},"type":"binary-expr","locations":[{"start":{"line":37,"column":17},"end":{"line":37,"column":45}},{"start":{"line":37,"column":49},"end":{"line":37,"column":51}}],"line":37}},"s":{"0":1,"1":8,"2":8,"3":8,"4":8,"5":8,"6":8,"7":7,"8":7,"9":7,"10":1},"f":{"0":8},"b":{"0":[3],"1":[6],"2":[6,2],"3":[8,7],"4":[7,1],"5":[7,3],"6":[2,5],"7":[7,5,2],"8":[1,1]},"_coverageSchema":"1a1c01bbd47fc00a2c39e90264f33305004495a9","hash":"ca7642d9a1deaeb46ecdd6db94cd3dbdd98d7055"}
,"/Users/mariannamilovanova/Shelf.io/language-name-to-language-name/src/get-lang-name.ts": {"path":"/Users/mariannamilovanova/Shelf.io/language-name-to-language-name/src/get-lang-name.ts","statementMap":{"0":{"start":{"line":22,"column":2},"end":{"line":25,"column":3}},"1":{"start":{"line":23,"column":4},"end":{"line":23,"column":29}},"2":{"start":{"line":24,"column":4},"end":{"line":24,"column":44}},"3":{"start":{"line":26,"column":2},"end":{"line":29,"column":3}},"4":{"start":{"line":27,"column":4},"end":{"line":27,"column":44}},"5":{"start":{"line":28,"column":4},"end":{"line":28,"column":52}},"6":{"start":{"line":31,"column":28},"end":{"line":31,"column":55}},"7":{"start":{"line":32,"column":28},"end":{"line":32,"column":92}},"8":{"start":{"line":34,"column":2},"end":{"line":36,"column":3}},"9":{"start":{"line":35,"column":4},"end":{"line":35,"column":53}},"10":{"start":{"line":37,"column":2},"end":{"line":39,"column":3}},"11":{"start":{"line":38,"column":4},"end":{"line":38,"column":40}},"12":{"start":{"line":41,"column":2},"end":{"line":41,"column":12}}},"fnMap":{"0":{"name":"getLanguageName","decl":{"start":{"line":16,"column":9},"end":{"line":16,"column":24}},"loc":{"start":{"line":19,"column":10},"end":{"line":42,"column":1}},"line":19}},"branchMap":{"0":{"loc":{"start":{"line":18,"column":2},"end":{"line":18,"column":39}},"type":"default-arg","locations":[{"start":{"line":18,"column":35},"end":{"line":18,"column":39}}],"line":18},"1":{"loc":{"start":{"line":22,"column":2},"end":{"line":25,"column":3}},"type":"if","locations":[{"start":{"line":22,"column":2},"end":{"line":25,"column":3}},{"start":{},"end":{}}],"line":22},"2":{"loc":{"start":{"line":26,"column":2},"end":{"line":29,"column":3}},"type":"if","locations":[{"start":{"line":26,"column":2},"end":{"line":29,"column":3}},{"start":{},"end":{}}],"line":26},"3":{"loc":{"start":{"line":28,"column":21},"end":{"line":28,"column":51}},"type":"binary-expr","locations":[{"start":{"line":28,"column":21},"end":{"line":28,"column":43}},{"start":{"line":28,"column":47},"end":{"line":28,"column":51}}],"line":28},"4":{"loc":{"start":{"line":32,"column":28},"end":{"line":32,"column":92}},"type":"binary-expr","locations":[{"start":{"line":32,"column":28},"end":{"line":32,"column":45}},{"start":{"line":32,"column":49},"end":{"line":32,"column":92}}],"line":32},"5":{"loc":{"start":{"line":34,"column":2},"end":{"line":36,"column":3}},"type":"if","locations":[{"start":{"line":34,"column":2},"end":{"line":36,"column":3}},{"start":{},"end":{}}],"line":34},"6":{"loc":{"start":{"line":34,"column":6},"end":{"line":34,"column":44}},"type":"binary-expr","locations":[{"start":{"line":34,"column":6},"end":{"line":34,"column":23}},{"start":{"line":34,"column":27},"end":{"line":34,"column":44}}],"line":34},"7":{"loc":{"start":{"line":37,"column":2},"end":{"line":39,"column":3}},"type":"if","locations":[{"start":{"line":37,"column":2},"end":{"line":39,"column":3}},{"start":{},"end":{}}],"line":37}},"s":{"0":15,"1":13,"2":13,"3":15,"4":2,"5":2,"6":15,"7":15,"8":15,"9":11,"10":4,"11":0,"12":4},"f":{"0":15},"b":{"0":[3],"1":[13,2],"2":[2,13],"3":[2,1],"4":[15,13],"5":[11,4],"6":[15,13],"7":[0,4]},"_coverageSchema":"1a1c01bbd47fc00a2c39e90264f33305004495a9","hash":"31c0e7def3e5b97138d3855a0d7ff7367e49bd5b"}
,"/Users/mariannamilovanova/Shelf.io/language-name-to-language-name/src/index.ts": {"path":"/Users/mariannamilovanova/Shelf.io/language-name-to-language-name/src/index.ts","statementMap":{},"fnMap":{},"branchMap":{},"s":{},"f":{},"b":{},"_coverageSchema":"1a1c01bbd47fc00a2c39e90264f33305004495a9","hash":"5a7eb1c353e77a11c44e2e0744849cff739463b9"}
,"/Users/mariannamilovanova/Shelf.io/language-name-to-language-name/src/lang-to-lang.ts": {"path":"/Users/mariannamilovanova/Shelf.io/language-name-to-language-name/src/lang-to-lang.ts","statementMap":{"0":{"start":{"line":6,"column":26},"end":{"line":27,"column":1}},"1":{"start":{"line":7,"column":25},"end":{"line":7,"column":44}},"2":{"start":{"line":8,"column":2},"end":{"line":10,"column":3}},"3":{"start":{"line":9,"column":4},"end":{"line":9,"column":11}},"4":{"start":{"line":11,"column":15},"end":{"line":11,"column":42}},"5":{"start":{"line":14,"column":2},"end":{"line":26,"column":65}},"6":{"start":{"line":15,"column":31},"end":{"line":18,"column":5}},"7":{"start":{"line":19,"column":31},"end":{"line":25,"column":5}},"8":{"start":{"line":26,"column":30},"end":{"line":26,"column":51}}},"fnMap":{"0":{"name":"(anonymous_0)","decl":{"start":{"line":6,"column":26},"end":{"line":6,"column":27}},"loc":{"start":{"line":6,"column":90},"end":{"line":27,"column":1}},"line":6},"1":{"name":"(anonymous_1)","decl":{"start":{"line":15,"column":9},"end":{"line":15,"column":10}},"loc":{"start":{"line":15,"column":31},"end":{"line":18,"column":5}},"line":15},"2":{"name":"(anonymous_2)","decl":{"start":{"line":19,"column":9},"end":{"line":19,"column":10}},"loc":{"start":{"line":19,"column":31},"end":{"line":25,"column":5}},"line":19},"3":{"name":"(anonymous_3)","decl":{"start":{"line":26,"column":12},"end":{"line":26,"column":13}},"loc":{"start":{"line":26,"column":30},"end":{"line":26,"column":51}},"line":26}},"branchMap":{"0":{"loc":{"start":{"line":6,"column":27},"end":{"line":6,"column":56}},"type":"default-arg","locations":[{"start":{"line":6,"column":52},"end":{"line":6,"column":56}}],"line":6},"1":{"loc":{"start":{"line":8,"column":2},"end":{"line":10,"column":3}},"type":"if","locations":[{"start":{"line":8,"column":2},"end":{"line":10,"column":3}},{"start":{},"end":{}}],"line":8}},"s":{"0":1,"1":19,"2":19,"3":1,"4":18,"5":18,"6":3438,"7":3438,"8":3438},"f":{"0":19,"1":3438,"2":3438,"3":3438},"b":{"0":[0],"1":[1,18]},"_coverageSchema":"1a1c01bbd47fc00a2c39e90264f33305004495a9","hash":"8e6a584cb06b5b8767a15b93ba33bf2832b05789"}
,"/Users/mariannamilovanova/Shelf.io/language-name-to-language-name/src/maps/dir.ts": {"path":"/Users/mariannamilovanova/Shelf.io/language-name-to-language-name/src/maps/dir.ts","statementMap":{},"fnMap":{},"branchMap":{},"s":{},"f":{},"b":{},"_coverageSchema":"1a1c01bbd47fc00a2c39e90264f33305004495a9","hash":"c1eda6a0eb02671f2b72ba60c3f707a2ac0565dd"}
,"/Users/mariannamilovanova/Shelf.io/language-name-to-language-name/src/maps/native.ts": {"path":"/Users/mariannamilovanova/Shelf.io/language-name-to-language-name/src/maps/native.ts","statementMap":{},"fnMap":{},"branchMap":{},"s":{},"f":{},"b":{},"_coverageSchema":"1a1c01bbd47fc00a2c39e90264f33305004495a9","hash":"8378621358d72c0274ea2f06a96fd9109c00105c"}
,"/Users/mariannamilovanova/Shelf.io/language-name-to-language-name/src/maps/countries/de-short.ts": {"path":"/Users/mariannamilovanova/Shelf.io/language-name-to-language-name/src/maps/countries/de-short.ts","statementMap":{},"fnMap":{},"branchMap":{},"s":{},"f":{},"b":{},"_coverageSchema":"1a1c01bbd47fc00a2c39e90264f33305004495a9","hash":"bbe2ec228f2d0cb53bc2b99d211de4783d2dfd20"}
,"/Users/mariannamilovanova/Shelf.io/language-name-to-language-name/src/maps/countries/de.ts": {"path":"/Users/mariannamilovanova/Shelf.io/language-name-to-language-name/src/maps/countries/de.ts","statementMap":{},"fnMap":{},"branchMap":{},"s":{},"f":{},"b":{},"_coverageSchema":"1a1c01bbd47fc00a2c39e90264f33305004495a9","hash":"63052a2de0e71789bfc0672df40613801bac7165"}
,"/Users/mariannamilovanova/Shelf.io/language-name-to-language-name/src/maps/countries/en-short.ts": {"path":"/Users/mariannamilovanova/Shelf.io/language-name-to-language-name/src/maps/countries/en-short.ts","statementMap":{},"fnMap":{},"branchMap":{},"s":{},"f":{},"b":{},"_coverageSchema":"1a1c01bbd47fc00a2c39e90264f33305004495a9","hash":"579a168ffad5a92f312f7adf8ce0ba356df96c8e"}
,"/Users/mariannamilovanova/Shelf.io/language-name-to-language-name/src/maps/countries/en.ts": {"path":"/Users/mariannamilovanova/Shelf.io/language-name-to-language-name/src/maps/countries/en.ts","statementMap":{},"fnMap":{},"branchMap":{},"s":{},"f":{},"b":{},"_coverageSchema":"1a1c01bbd47fc00a2c39e90264f33305004495a9","hash":"68d58963d307a55ba7b74b5cce0aa047ebb68db0"}
,"/Users/mariannamilovanova/Shelf.io/language-name-to-language-name/src/maps/countries/es-short.ts": {"path":"/Users/mariannamilovanova/Shelf.io/language-name-to-language-name/src/maps/countries/es-short.ts","statementMap":{},"fnMap":{},"branchMap":{},"s":{},"f":{},"b":{},"_coverageSchema":"1a1c01bbd47fc00a2c39e90264f33305004495a9","hash":"749374d75214bba151617f8a259cc2a4be2f092b"}
,"/Users/mariannamilovanova/Shelf.io/language-name-to-language-name/src/maps/countries/es.ts": {"path":"/Users/mariannamilovanova/Shelf.io/language-name-to-language-name/src/maps/countries/es.ts","statementMap":{},"fnMap":{},"branchMap":{},"s":{},"f":{},"b":{},"_coverageSchema":"1a1c01bbd47fc00a2c39e90264f33305004495a9","hash":"c006c371138eb0d7289017412ce36515d61b3eba"}
,"/Users/mariannamilovanova/Shelf.io/language-name-to-language-name/src/maps/countries/fr-short.ts": {"path":"/Users/mariannamilovanova/Shelf.io/language-name-to-language-name/src/maps/countries/fr-short.ts","statementMap":{},"fnMap":{},"branchMap":{},"s":{},"f":{},"b":{},"_coverageSchema":"1a1c01bbd47fc00a2c39e90264f33305004495a9","hash":"3afba4365b76789272754e1d1cd1e125dc9d02d9"}
,"/Users/mariannamilovanova/Shelf.io/language-name-to-language-name/src/maps/countries/fr.ts": {"path":"/Users/mariannamilovanova/Shelf.io/language-name-to-language-name/src/maps/countries/fr.ts","statementMap":{},"fnMap":{},"branchMap":{},"s":{},"f":{},"b":{},"_coverageSchema":"1a1c01bbd47fc00a2c39e90264f33305004495a9","hash":"9d1198c83061afdd20dc707ba9b16e6bea21576f"}
,"/Users/mariannamilovanova/Shelf.io/language-name-to-language-name/src/maps/countries/index.ts": {"path":"/Users/mariannamilovanova/Shelf.io/language-name-to-language-name/src/maps/countries/index.ts","statementMap":{},"fnMap":{},"branchMap":{},"s":{},"f":{},"b":{},"_coverageSchema":"1a1c01bbd47fc00a2c39e90264f33305004495a9","hash":"1ad07e6334cc1e8acbd09d19e8a0aab4bf31b4f0"}
,"/Users/mariannamilovanova/Shelf.io/language-name-to-language-name/src/maps/countries/nb-short.ts": {"path":"/Users/mariannamilovanova/Shelf.io/language-name-to-language-name/src/maps/countries/nb-short.ts","statementMap":{},"fnMap":{},"branchMap":{},"s":{},"f":{},"b":{},"_coverageSchema":"1a1c01bbd47fc00a2c39e90264f33305004495a9","hash":"4bfcfea12f3cc5729d6c75150d520e3198c7265a"}
,"/Users/mariannamilovanova/Shelf.io/language-name-to-language-name/src/maps/countries/nb.ts": {"path":"/Users/mariannamilovanova/Shelf.io/language-name-to-language-name/src/maps/countries/nb.ts","statementMap":{},"fnMap":{},"branchMap":{},"s":{},"f":{},"b":{},"_coverageSchema":"1a1c01bbd47fc00a2c39e90264f33305004495a9","hash":"eac0cdbaaa0e532645544e864bb7736718df7d32"}
,"/Users/mariannamilovanova/Shelf.io/language-name-to-language-name/src/maps/countries/ru-short.ts": {"path":"/Users/mariannamilovanova/Shelf.io/language-name-to-language-name/src/maps/countries/ru-short.ts","statementMap":{},"fnMap":{},"branchMap":{},"s":{},"f":{},"b":{},"_coverageSchema":"1a1c01bbd47fc00a2c39e90264f33305004495a9","hash":"4b132c51af5975d26643e95af1e43a4dc7a4be11"}
,"/Users/mariannamilovanova/Shelf.io/language-name-to-language-name/src/maps/countries/ru.ts": {"path":"/Users/mariannamilovanova/Shelf.io/language-name-to-language-name/src/maps/countries/ru.ts","statementMap":{},"fnMap":{},"branchMap":{},"s":{},"f":{},"b":{},"_coverageSchema":"1a1c01bbd47fc00a2c39e90264f33305004495a9","hash":"08036fee0846d3c8ad8960500cb6e2170be3f3cc"}
,"/Users/mariannamilovanova/Shelf.io/language-name-to-language-name/src/maps/countries/short.ts": {"path":"/Users/mariannamilovanova/Shelf.io/language-name-to-language-name/src/maps/countries/short.ts","statementMap":{},"fnMap":{},"branchMap":{},"s":{},"f":{},"b":{},"_coverageSchema":"1a1c01bbd47fc00a2c39e90264f33305004495a9","hash":"d9a3e4692f639acf94211cb3d0fbf794a437a4ae"}
,"/Users/mariannamilovanova/Shelf.io/language-name-to-language-name/src/maps/countries/uk-short.ts": {"path":"/Users/mariannamilovanova/Shelf.io/language-name-to-language-name/src/maps/countries/uk-short.ts","statementMap":{},"fnMap":{},"branchMap":{},"s":{},"f":{},"b":{},"_coverageSchema":"1a1c01bbd47fc00a2c39e90264f33305004495a9","hash":"ced2ff6e0dfe074a42a2c91b72894d7e02941488"}
,"/Users/mariannamilovanova/Shelf.io/language-name-to-language-name/src/maps/countries/uk.ts": {"path":"/Users/mariannamilovanova/Shelf.io/language-name-to-language-name/src/maps/countries/uk.ts","statementMap":{},"fnMap":{},"branchMap":{},"s":{},"f":{},"b":{},"_coverageSchema":"1a1c01bbd47fc00a2c39e90264f33305004495a9","hash":"6ae3d8ac66d79354259481e12e26289a5c0a79a6"}
,"/Users/mariannamilovanova/Shelf.io/language-name-to-language-name/src/maps/languages/de.ts": {"path":"/Users/mariannamilovanova/Shelf.io/language-name-to-language-name/src/maps/languages/de.ts","statementMap":{},"fnMap":{},"branchMap":{},"s":{},"f":{},"b":{},"_coverageSchema":"1a1c01bbd47fc00a2c39e90264f33305004495a9","hash":"0bb1a1ecfb6a72844476b0d9b1865c0329b975e9"}
,"/Users/mariannamilovanova/Shelf.io/language-name-to-language-name/src/maps/languages/en.ts": {"path":"/Users/mariannamilovanova/Shelf.io/language-name-to-language-name/src/maps/languages/en.ts","statementMap":{},"fnMap":{},"branchMap":{},"s":{},"f":{},"b":{},"_coverageSchema":"1a1c01bbd47fc00a2c39e90264f33305004495a9","hash":"a2fefbaaaefe991bc756d2b52742d5b7d03f5245"}
,"/Users/mariannamilovanova/Shelf.io/language-name-to-language-name/src/maps/languages/es.ts": {"path":"/Users/mariannamilovanova/Shelf.io/language-name-to-language-name/src/maps/languages/es.ts","statementMap":{},"fnMap":{},"branchMap":{},"s":{},"f":{},"b":{},"_coverageSchema":"1a1c01bbd47fc00a2c39e90264f33305004495a9","hash":"e3c0b8942ff6ea5777e6a844e2928a5af03cac7c"}
,"/Users/mariannamilovanova/Shelf.io/language-name-to-language-name/src/maps/languages/fr.ts": {"path":"/Users/mariannamilovanova/Shelf.io/language-name-to-language-name/src/maps/languages/fr.ts","statementMap":{},"fnMap":{},"branchMap":{},"s":{},"f":{},"b":{},"_coverageSchema":"1a1c01bbd47fc00a2c39e90264f33305004495a9","hash":"437789f7a394fb0e2f82b2bcbe4b98da2d343889"}
,"/Users/mariannamilovanova/Shelf.io/language-name-to-language-name/src/maps/languages/index.ts": {"path":"/Users/mariannamilovanova/Shelf.io/language-name-to-language-name/src/maps/languages/index.ts","statementMap":{},"fnMap":{},"branchMap":{},"s":{},"f":{},"b":{},"_coverageSchema":"1a1c01bbd47fc00a2c39e90264f33305004495a9","hash":"12ee3f3256c790de203dcff47181866a8a1f94b2"}
,"/Users/mariannamilovanova/Shelf.io/language-name-to-language-name/src/maps/languages/nb.ts": {"path":"/Users/mariannamilovanova/Shelf.io/language-name-to-language-name/src/maps/languages/nb.ts","statementMap":{},"fnMap":{},"branchMap":{},"s":{},"f":{},"b":{},"_coverageSchema":"1a1c01bbd47fc00a2c39e90264f33305004495a9","hash":"d9ffdaeb8989b0cad216c9ffb267b09d189dac46"}
,"/Users/mariannamilovanova/Shelf.io/language-name-to-language-name/src/maps/languages/ru.ts": {"path":"/Users/mariannamilovanova/Shelf.io/language-name-to-language-name/src/maps/languages/ru.ts","statementMap":{},"fnMap":{},"branchMap":{},"s":{},"f":{},"b":{},"_coverageSchema":"1a1c01bbd47fc00a2c39e90264f33305004495a9","hash":"b3ca7eedcec41d19bf46fd51af7716bbeede228a"}
,"/Users/mariannamilovanova/Shelf.io/language-name-to-language-name/src/maps/languages/uk.ts": {"path":"/Users/mariannamilovanova/Shelf.io/language-name-to-language-name/src/maps/languages/uk.ts","statementMap":{},"fnMap":{},"branchMap":{},"s":{},"f":{},"b":{},"_coverageSchema":"1a1c01bbd47fc00a2c39e90264f33305004495a9","hash":"5d4c35e949075d2358fee34bb5ea9d6ab3a66ab7"}
}
