TN:
SF:lib/get-lang-name-with-country.js
FN:2,(anonymous_0)
FN:17,(anonymous_1)
FNF:2
FNH:2
FNDA:2,(anonymous_0)
FNDA:8,(anonymous_1)
DA:2,1
DA:3,2
DA:5,1
DA:6,1
DA:7,1
DA:8,1
DA:9,1
DA:10,1
DA:17,1
DA:18,8
DA:19,8
DA:20,8
DA:21,8
DA:22,8
DA:23,8
DA:24,7
DA:25,7
DA:26,7
DA:34,1
DA:40,1
LF:20
LH:20
BRDA:2,0,0,1
BRDA:2,0,1,0
BRDA:2,0,2,1
BRDA:3,1,0,2
BRDA:3,1,1,0
BRDA:3,2,0,2
BRDA:3,2,1,2
BRDA:17,3,0,3
BRDA:17,4,0,6
BRDA:22,5,0,6
BRDA:22,5,1,2
BRDA:22,6,0,8
BRDA:22,6,1,7
BRDA:23,7,0,7
BRDA:23,7,1,1
BRDA:27,8,0,7
BRDA:27,8,1,3
BRDA:27,9,0,2
BRDA:27,9,1,5
BRDA:27,10,0,7
BRDA:27,10,1,5
BRDA:27,10,2,2
BRDA:35,11,0,1
BRDA:35,11,1,1
BRF:24
BRH:22
end_of_record
TN:
SF:lib/get-lang-name.js
FN:2,(anonymous_0)
FN:8,getLanguageName
FNF:2
FNH:2
FNDA:1,(anonymous_0)
FNDA:15,getLanguageName
DA:2,1
DA:3,1
DA:5,1
DA:6,1
DA:7,1
DA:11,15
DA:12,13
DA:13,13
DA:15,15
DA:16,2
DA:17,2
DA:19,15
DA:20,15
DA:21,15
DA:22,11
DA:24,4
DA:25,0
DA:27,4
DA:29,1
DA:30,1
LF:20
LH:19
BRDA:2,0,0,1
BRDA:2,0,1,0
BRDA:2,0,2,1
BRDA:3,1,0,1
BRDA:3,1,1,0
BRDA:3,2,0,1
BRDA:3,2,1,1
BRDA:8,3,0,3
BRDA:11,4,0,13
BRDA:11,4,1,2
BRDA:15,5,0,2
BRDA:15,5,1,13
BRDA:17,6,0,2
BRDA:17,6,1,1
BRDA:20,7,0,15
BRDA:20,7,1,13
BRDA:21,8,0,11
BRDA:21,8,1,4
BRDA:21,9,0,15
BRDA:21,9,1,13
BRDA:24,10,0,0
BRDA:24,10,1,4
BRF:22
BRH:19
end_of_record
TN:
SF:lib/index.js
FN:5,(anonymous_0)
FN:7,(anonymous_1)
FN:9,(anonymous_2)
FNF:3
FNH:3
FNDA:11,(anonymous_0)
FNDA:8,(anonymous_1)
FNDA:7,(anonymous_2)
DA:2,1
DA:3,1
DA:4,1
DA:5,11
DA:6,1
DA:7,8
DA:8,1
DA:9,7
DA:10,1
LF:9
LH:9
BRF:0
BRH:0
end_of_record
TN:
SF:lib/lang-to-lang.js
FN:2,(anonymous_0)
FN:10,(anonymous_1)
FN:18,(anonymous_2)
FN:22,(anonymous_3)
FN:29,(anonymous_4)
FNF:5
FNH:5
FNDA:3,(anonymous_0)
FNDA:19,(anonymous_1)
FNDA:3438,(anonymous_2)
FNDA:3438,(anonymous_3)
FNDA:3438,(anonymous_4)
DA:2,1
DA:3,3
DA:5,1
DA:6,1
DA:7,1
DA:8,1
DA:9,1
DA:10,1
DA:11,19
DA:12,19
DA:13,1
DA:15,18
DA:17,18
DA:18,3438
DA:22,3438
DA:29,3438
DA:31,1
LF:17
LH:17
BRDA:2,0,0,1
BRDA:2,0,1,0
BRDA:2,0,2,1
BRDA:3,1,0,3
BRDA:3,1,1,0
BRDA:3,2,0,3
BRDA:3,2,1,3
BRDA:10,3,0,0
BRDA:12,4,0,1
BRDA:12,4,1,18
BRF:10
BRH:7
end_of_record
TN:
SF:lib/maps/dir.js
FNF:0
FNH:0
DA:2,1
DA:3,1
LF:2
LH:2
BRF:0
BRH:0
end_of_record
TN:
SF:lib/maps/native.js
FNF:0
FNH:0
DA:2,1
DA:3,1
LF:2
LH:2
BRF:0
BRH:0
end_of_record
TN:
SF:lib/maps/countries/de-short.js
FNF:0
FNH:0
DA:2,1
DA:3,1
LF:2
LH:2
BRF:0
BRH:0
end_of_record
TN:
SF:lib/maps/countries/de.js
FNF:0
FNH:0
DA:2,1
DA:3,1
LF:2
LH:2
BRF:0
BRH:0
end_of_record
TN:
SF:lib/maps/countries/en-short.js
FNF:0
FNH:0
DA:2,1
DA:3,1
LF:2
LH:2
BRF:0
BRH:0
end_of_record
TN:
SF:lib/maps/countries/en.js
FNF:0
FNH:0
DA:2,1
DA:3,1
LF:2
LH:2
BRF:0
BRH:0
end_of_record
TN:
SF:lib/maps/countries/es-short.js
FNF:0
FNH:0
DA:2,1
DA:3,1
LF:2
LH:2
BRF:0
BRH:0
end_of_record
TN:
SF:lib/maps/countries/es.js
FNF:0
FNH:0
DA:2,1
DA:3,1
LF:2
LH:2
BRF:0
BRH:0
end_of_record
TN:
SF:lib/maps/countries/fr-short.js
FNF:0
FNH:0
DA:2,1
DA:3,1
LF:2
LH:2
BRF:0
BRH:0
end_of_record
TN:
SF:lib/maps/countries/fr.js
FNF:0
FNH:0
DA:2,1
DA:3,1
LF:2
LH:2
BRF:0
BRH:0
end_of_record
TN:
SF:lib/maps/countries/index.js
FN:2,(anonymous_0)
FNF:1
FNH:1
FNDA:7,(anonymous_0)
DA:2,1
DA:3,7
DA:5,1
DA:6,1
DA:7,1
DA:8,1
DA:9,1
DA:10,1
DA:11,1
DA:12,1
DA:13,1
LF:11
LH:11
BRDA:2,0,0,1
BRDA:2,0,1,0
BRDA:2,0,2,1
BRDA:3,1,0,7
BRDA:3,1,1,0
BRDA:3,2,0,7
BRDA:3,2,1,7
BRF:7
BRH:5
end_of_record
TN:
SF:lib/maps/countries/nb-short.js
FNF:0
FNH:0
DA:2,1
DA:3,1
LF:2
LH:2
BRF:0
BRH:0
end_of_record
TN:
SF:lib/maps/countries/nb.js
FNF:0
FNH:0
DA:2,1
DA:3,1
LF:2
LH:2
BRF:0
BRH:0
end_of_record
TN:
SF:lib/maps/countries/ru-short.js
FNF:0
FNH:0
DA:2,1
DA:3,1
LF:2
LH:2
BRF:0
BRH:0
end_of_record
TN:
SF:lib/maps/countries/ru.js
FNF:0
FNH:0
DA:2,1
DA:3,1
LF:2
LH:2
BRF:0
BRH:0
end_of_record
TN:
SF:lib/maps/countries/short.js
FN:2,(anonymous_0)
FNF:1
FNH:1
FNDA:7,(anonymous_0)
DA:2,1
DA:3,7
DA:5,1
DA:6,1
DA:7,1
DA:8,1
DA:9,1
DA:10,1
DA:11,1
DA:12,1
DA:13,1
LF:11
LH:11
BRDA:2,0,0,1
BRDA:2,0,1,0
BRDA:2,0,2,1
BRDA:3,1,0,7
BRDA:3,1,1,0
BRDA:3,2,0,7
BRDA:3,2,1,7
BRF:7
BRH:5
end_of_record
TN:
SF:lib/maps/countries/uk-short.js
FNF:0
FNH:0
DA:2,1
DA:3,1
LF:2
LH:2
BRF:0
BRH:0
end_of_record
TN:
SF:lib/maps/countries/uk.js
FNF:0
FNH:0
DA:2,1
DA:3,1
LF:2
LH:2
BRF:0
BRH:0
end_of_record
TN:
SF:lib/maps/languages/de.js
FNF:0
FNH:0
DA:2,1
DA:3,1
LF:2
LH:2
BRF:0
BRH:0
end_of_record
TN:
SF:lib/maps/languages/en.js
FNF:0
FNH:0
DA:2,1
DA:3,1
LF:2
LH:2
BRF:0
BRH:0
end_of_record
TN:
SF:lib/maps/languages/es.js
FNF:0
FNH:0
DA:2,1
DA:3,1
LF:2
LH:2
BRF:0
BRH:0
end_of_record
TN:
SF:lib/maps/languages/fr.js
FNF:0
FNH:0
DA:2,1
DA:3,1
LF:2
LH:2
BRF:0
BRH:0
end_of_record
TN:
SF:lib/maps/languages/index.js
FN:2,(anonymous_0)
FNF:1
FNH:1
FNDA:7,(anonymous_0)
DA:2,1
DA:3,7
DA:5,1
DA:6,1
DA:7,1
DA:8,1
DA:9,1
DA:10,1
DA:11,1
DA:12,1
DA:13,1
LF:11
LH:11
BRDA:2,0,0,1
BRDA:2,0,1,0
BRDA:2,0,2,1
BRDA:3,1,0,7
BRDA:3,1,1,0
BRDA:3,2,0,7
BRDA:3,2,1,7
BRF:7
BRH:5
end_of_record
TN:
SF:lib/maps/languages/nb.js
FNF:0
FNH:0
DA:2,1
DA:3,1
LF:2
LH:2
BRF:0
BRH:0
end_of_record
TN:
SF:lib/maps/languages/ru.js
FNF:0
FNH:0
DA:2,1
DA:3,1
LF:2
LH:2
BRF:0
BRH:0
end_of_record
TN:
SF:lib/maps/languages/uk.js
FNF:0
FNH:0
DA:2,1
DA:3,1
LF:2
LH:2
BRF:0
BRH:0
end_of_record
TN:
SF:src/get-lang-name-with-country.ts
FN:13,(anonymous_0)
FNF:1
FNH:1
FNDA:8,(anonymous_0)
DA:13,1
DA:18,8
DA:19,8
DA:20,8
DA:21,8
DA:22,8
DA:24,8
DA:25,7
DA:26,7
DA:27,7
DA:36,1
LF:11
LH:11
BRDA:15,0,0,3
BRDA:16,1,0,6
BRDA:22,2,0,6
BRDA:22,2,1,2
BRDA:22,3,0,8
BRDA:22,3,1,7
BRDA:24,4,0,7
BRDA:24,4,1,1
BRDA:29,5,0,7
BRDA:29,5,1,3
BRDA:29,6,0,2
BRDA:29,6,1,5
BRDA:29,7,0,7
BRDA:29,7,1,5
BRDA:29,7,2,2
BRDA:37,8,0,1
BRDA:37,8,1,1
BRF:17
BRH:17
end_of_record
TN:
SF:src/get-lang-name.ts
FN:16,getLanguageName
FNF:1
FNH:1
FNDA:15,getLanguageName
DA:22,15
DA:23,13
DA:24,13
DA:26,15
DA:27,2
DA:28,2
DA:31,15
DA:32,15
DA:34,15
DA:35,11
DA:37,4
DA:38,0
DA:41,4
LF:13
LH:12
BRDA:18,0,0,3
BRDA:22,1,0,13
BRDA:22,1,1,2
BRDA:26,2,0,2
BRDA:26,2,1,13
BRDA:28,3,0,2
BRDA:28,3,1,1
BRDA:32,4,0,15
BRDA:32,4,1,13
BRDA:34,5,0,11
BRDA:34,5,1,4
BRDA:34,6,0,15
BRDA:34,6,1,13
BRDA:37,7,0,0
BRDA:37,7,1,4
BRF:15
BRH:14
end_of_record
TN:
SF:src/index.ts
FNF:0
FNH:0
LF:0
LH:0
BRF:0
BRH:0
end_of_record
TN:
SF:src/lang-to-lang.ts
FN:6,(anonymous_0)
FN:15,(anonymous_1)
FN:19,(anonymous_2)
FN:26,(anonymous_3)
FNF:4
FNH:4
FNDA:19,(anonymous_0)
FNDA:3438,(anonymous_1)
FNDA:3438,(anonymous_2)
FNDA:3438,(anonymous_3)
DA:6,1
DA:7,19
DA:8,19
DA:9,1
DA:11,18
DA:14,18
DA:15,3438
DA:19,3438
DA:26,3438
LF:9
LH:9
BRDA:6,0,0,0
BRDA:8,1,0,1
BRDA:8,1,1,18
BRF:3
BRH:2
end_of_record
TN:
SF:src/maps/dir.ts
FNF:0
FNH:0
LF:0
LH:0
BRF:0
BRH:0
end_of_record
TN:
SF:src/maps/native.ts
FNF:0
FNH:0
LF:0
LH:0
BRF:0
BRH:0
end_of_record
TN:
SF:src/maps/countries/de-short.ts
FNF:0
FNH:0
LF:0
LH:0
BRF:0
BRH:0
end_of_record
TN:
SF:src/maps/countries/de.ts
FNF:0
FNH:0
LF:0
LH:0
BRF:0
BRH:0
end_of_record
TN:
SF:src/maps/countries/en-short.ts
FNF:0
FNH:0
LF:0
LH:0
BRF:0
BRH:0
end_of_record
TN:
SF:src/maps/countries/en.ts
FNF:0
FNH:0
LF:0
LH:0
BRF:0
BRH:0
end_of_record
TN:
SF:src/maps/countries/es-short.ts
FNF:0
FNH:0
LF:0
LH:0
BRF:0
BRH:0
end_of_record
TN:
SF:src/maps/countries/es.ts
FNF:0
FNH:0
LF:0
LH:0
BRF:0
BRH:0
end_of_record
TN:
SF:src/maps/countries/fr-short.ts
FNF:0
FNH:0
LF:0
LH:0
BRF:0
BRH:0
end_of_record
TN:
SF:src/maps/countries/fr.ts
FNF:0
FNH:0
LF:0
LH:0
BRF:0
BRH:0
end_of_record
TN:
SF:src/maps/countries/index.ts
FNF:0
FNH:0
LF:0
LH:0
BRF:0
BRH:0
end_of_record
TN:
SF:src/maps/countries/nb-short.ts
FNF:0
FNH:0
LF:0
LH:0
BRF:0
BRH:0
end_of_record
TN:
SF:src/maps/countries/nb.ts
FNF:0
FNH:0
LF:0
LH:0
BRF:0
BRH:0
end_of_record
TN:
SF:src/maps/countries/ru-short.ts
FNF:0
FNH:0
LF:0
LH:0
BRF:0
BRH:0
end_of_record
TN:
SF:src/maps/countries/ru.ts
FNF:0
FNH:0
LF:0
LH:0
BRF:0
BRH:0
end_of_record
TN:
SF:src/maps/countries/short.ts
FNF:0
FNH:0
LF:0
LH:0
BRF:0
BRH:0
end_of_record
TN:
SF:src/maps/countries/uk-short.ts
FNF:0
FNH:0
LF:0
LH:0
BRF:0
BRH:0
end_of_record
TN:
SF:src/maps/countries/uk.ts
FNF:0
FNH:0
LF:0
LH:0
BRF:0
BRH:0
end_of_record
TN:
SF:src/maps/languages/de.ts
FNF:0
FNH:0
LF:0
LH:0
BRF:0
BRH:0
end_of_record
TN:
SF:src/maps/languages/en.ts
FNF:0
FNH:0
LF:0
LH:0
BRF:0
BRH:0
end_of_record
TN:
SF:src/maps/languages/es.ts
FNF:0
FNH:0
LF:0
LH:0
BRF:0
BRH:0
end_of_record
TN:
SF:src/maps/languages/fr.ts
FNF:0
FNH:0
LF:0
LH:0
BRF:0
BRH:0
end_of_record
TN:
SF:src/maps/languages/index.ts
FNF:0
FNH:0
LF:0
LH:0
BRF:0
BRH:0
end_of_record
TN:
SF:src/maps/languages/nb.ts
FNF:0
FNH:0
LF:0
LH:0
BRF:0
BRH:0
end_of_record
TN:
SF:src/maps/languages/ru.ts
FNF:0
FNH:0
LF:0
LH:0
BRF:0
BRH:0
end_of_record
TN:
SF:src/maps/languages/uk.ts
FNF:0
FNH:0
LF:0
LH:0
BRF:0
BRH:0
end_of_record
